{"C:\\Users\\maria.bohorquez\\Documents\\ADN\\gui-restaurant-app\\react-redux\\src\\index.tsx": {"path":"C:\\Users\\maria.bohorquez\\Documents\\ADN\\gui-restaurant-app\\react-redux\\src\\index.tsx","statementMap":{"0":{"start":{"line":7,"column":0},"end":{"line":12,"column":2}},"1":{"start":{"line":17,"column":0},"end":{"line":17,"column":27}}},"fnMap":{},"branchMap":{},"s":{"0":0,"1":0},"f":{},"b":{},"hash":"34c9194e9ff7a996974c76e11a4d6124c329c491"}
,"C:\\Users\\maria.bohorquez\\Documents\\ADN\\gui-restaurant-app\\react-redux\\src\\react-app-env.d.ts": {"path":"C:\\Users\\maria.bohorquez\\Documents\\ADN\\gui-restaurant-app\\react-redux\\src\\react-app-env.d.ts","statementMap":{},"fnMap":{},"branchMap":{},"s":{},"f":{},"b":{},"hash":"8619c717656a308fdd3794310dd8fd3085351202"}
,"C:\\Users\\maria.bohorquez\\Documents\\ADN\\gui-restaurant-app\\react-redux\\src\\app\\App.tsx": {"path":"C:\\Users\\maria.bohorquez\\Documents\\ADN\\gui-restaurant-app\\react-redux\\src\\app\\App.tsx","statementMap":{"0":{"start":{"line":8,"column":2},"end":{"line":14,"column":4}}},"fnMap":{"0":{"name":"App","decl":{"start":{"line":7,"column":9},"end":{"line":7,"column":12}},"loc":{"start":{"line":7,"column":15},"end":{"line":15,"column":1}},"line":7}},"branchMap":{},"s":{"0":0},"f":{"0":0},"b":{},"_coverageSchema":"43e27e138ebf9cfc5966b082cf9a028302ed4184","hash":"a055604b2b7b49461a6f7a08d2de22f68e71e5e7"}
,"C:\\Users\\maria.bohorquez\\Documents\\ADN\\gui-restaurant-app\\react-redux\\src\\app\\AppRouter.tsx": {"path":"C:\\Users\\maria.bohorquez\\Documents\\ADN\\gui-restaurant-app\\react-redux\\src\\app\\AppRouter.tsx","statementMap":{"0":{"start":{"line":10,"column":25},"end":{"line":25,"column":1}},"1":{"start":{"line":11,"column":2},"end":{"line":24,"column":4}}},"fnMap":{"0":{"name":"(anonymous_0)","decl":{"start":{"line":10,"column":25},"end":{"line":10,"column":26}},"loc":{"start":{"line":10,"column":31},"end":{"line":25,"column":1}},"line":10}},"branchMap":{},"s":{"0":1,"1":0},"f":{"0":0},"b":{},"_coverageSchema":"43e27e138ebf9cfc5966b082cf9a028302ed4184","hash":"f9afb70b0662e276b2a6c9ce1898d3d318e2f849"}
,"C:\\Users\\maria.bohorquez\\Documents\\ADN\\gui-restaurant-app\\react-redux\\src\\app\\core\\api\\cart.repository.ts": {"path":"C:\\Users\\maria.bohorquez\\Documents\\ADN\\gui-restaurant-app\\react-redux\\src\\app\\core\\api\\cart.repository.ts","statementMap":{"0":{"start":{"line":6,"column":30},"end":{"line":23,"column":1}},"1":{"start":{"line":11,"column":39},"end":{"line":11,"column":76}},"2":{"start":{"line":16,"column":30},"end":{"line":16,"column":68}},"3":{"start":{"line":22,"column":4},"end":{"line":22,"column":45}}},"fnMap":{"0":{"name":"(anonymous_0)","decl":{"start":{"line":11,"column":23},"end":{"line":11,"column":24}},"loc":{"start":{"line":11,"column":39},"end":{"line":11,"column":76}},"line":11},"1":{"name":"(anonymous_1)","decl":{"start":{"line":16,"column":14},"end":{"line":16,"column":15}},"loc":{"start":{"line":16,"column":30},"end":{"line":16,"column":68}},"line":16},"2":{"name":"(anonymous_2)","decl":{"start":{"line":21,"column":18},"end":{"line":21,"column":19}},"loc":{"start":{"line":22,"column":4},"end":{"line":22,"column":45}},"line":22}},"branchMap":{},"s":{"0":3,"1":0,"2":0,"3":0},"f":{"0":0,"1":0,"2":0},"b":{},"_coverageSchema":"43e27e138ebf9cfc5966b082cf9a028302ed4184","hash":"ecfc600077fadb802ce2a30e56d673737b618246"}
,"C:\\Users\\maria.bohorquez\\Documents\\ADN\\gui-restaurant-app\\react-redux\\src\\app\\core\\api\\order.repository.ts": {"path":"C:\\Users\\maria.bohorquez\\Documents\\ADN\\gui-restaurant-app\\react-redux\\src\\app\\core\\api\\order.repository.ts","statementMap":{"0":{"start":{"line":6,"column":31},"end":{"line":22,"column":1}},"1":{"start":{"line":11,"column":33},"end":{"line":11,"column":70}},"2":{"start":{"line":16,"column":41},"end":{"line":16,"column":80}},"3":{"start":{"line":21,"column":54},"end":{"line":21,"column":98}}},"fnMap":{"0":{"name":"(anonymous_0)","decl":{"start":{"line":11,"column":17},"end":{"line":11,"column":18}},"loc":{"start":{"line":11,"column":33},"end":{"line":11,"column":70}},"line":11},"1":{"name":"(anonymous_1)","decl":{"start":{"line":16,"column":17},"end":{"line":16,"column":18}},"loc":{"start":{"line":16,"column":41},"end":{"line":16,"column":80}},"line":16},"2":{"name":"(anonymous_2)","decl":{"start":{"line":21,"column":18},"end":{"line":21,"column":19}},"loc":{"start":{"line":21,"column":54},"end":{"line":21,"column":98}},"line":21}},"branchMap":{},"s":{"0":1,"1":0,"2":0,"3":0},"f":{"0":0,"1":0,"2":0},"b":{},"_coverageSchema":"43e27e138ebf9cfc5966b082cf9a028302ed4184","hash":"1a9577726aa1367e463aa22b7cb5a127db794e3e"}
,"C:\\Users\\maria.bohorquez\\Documents\\ADN\\gui-restaurant-app\\react-redux\\src\\app\\core\\api\\prods.repository.ts": {"path":"C:\\Users\\maria.bohorquez\\Documents\\ADN\\gui-restaurant-app\\react-redux\\src\\app\\core\\api\\prods.repository.ts","statementMap":{"0":{"start":{"line":5,"column":31},"end":{"line":11,"column":1}},"1":{"start":{"line":10,"column":24},"end":{"line":10,"column":57}}},"fnMap":{"0":{"name":"(anonymous_0)","decl":{"start":{"line":10,"column":18},"end":{"line":10,"column":19}},"loc":{"start":{"line":10,"column":24},"end":{"line":10,"column":57}},"line":10}},"branchMap":{},"s":{"0":1,"1":0},"f":{"0":0},"b":{},"_coverageSchema":"43e27e138ebf9cfc5966b082cf9a028302ed4184","hash":"1227dcb3f03c6569ceb8ff225c7beea297829cc1"}
,"C:\\Users\\maria.bohorquez\\Documents\\ADN\\gui-restaurant-app\\react-redux\\src\\app\\core\\api\\ranking.repository.ts": {"path":"C:\\Users\\maria.bohorquez\\Documents\\ADN\\gui-restaurant-app\\react-redux\\src\\app\\core\\api\\ranking.repository.ts","statementMap":{"0":{"start":{"line":5,"column":33},"end":{"line":11,"column":1}},"1":{"start":{"line":10,"column":28},"end":{"line":10,"column":73}}},"fnMap":{"0":{"name":"(anonymous_0)","decl":{"start":{"line":10,"column":22},"end":{"line":10,"column":23}},"loc":{"start":{"line":10,"column":28},"end":{"line":10,"column":73}},"line":10}},"branchMap":{},"s":{"0":2,"1":0},"f":{"0":0},"b":{},"_coverageSchema":"43e27e138ebf9cfc5966b082cf9a028302ed4184","hash":"63a4200c61a182b775813517bd8973bc98712992"}
,"C:\\Users\\maria.bohorquez\\Documents\\ADN\\gui-restaurant-app\\react-redux\\src\\app\\core\\config\\AxiosConfig.ts": {"path":"C:\\Users\\maria.bohorquez\\Documents\\ADN\\gui-restaurant-app\\react-redux\\src\\app\\core\\config\\AxiosConfig.ts","statementMap":{"0":{"start":{"line":1,"column":23},"end":{"line":1,"column":50}}},"fnMap":{},"branchMap":{},"s":{"0":5},"f":{},"b":{},"_coverageSchema":"43e27e138ebf9cfc5966b082cf9a028302ed4184","hash":"796b895d367dfb6001f5a648adfb9a50365ebebd"}
,"C:\\Users\\maria.bohorquez\\Documents\\ADN\\gui-restaurant-app\\react-redux\\src\\app\\core\\errors\\GlobalErrorBoundary\\index.tsx": {"path":"C:\\Users\\maria.bohorquez\\Documents\\ADN\\gui-restaurant-app\\react-redux\\src\\app\\core\\errors\\GlobalErrorBoundary\\index.tsx","statementMap":{"0":{"start":{"line":6,"column":4},"end":{"line":6,"column":17}},"1":{"start":{"line":7,"column":4},"end":{"line":7,"column":37}},"2":{"start":{"line":11,"column":4},"end":{"line":11,"column":30}},"3":{"start":{"line":19,"column":4},"end":{"line":22,"column":5}},"4":{"start":{"line":21,"column":6},"end":{"line":21,"column":38}},"5":{"start":{"line":24,"column":4},"end":{"line":24,"column":31}}},"fnMap":{"0":{"name":"(anonymous_0)","decl":{"start":{"line":5,"column":2},"end":{"line":5,"column":3}},"loc":{"start":{"line":5,"column":26},"end":{"line":8,"column":3}},"line":5},"1":{"name":"(anonymous_1)","decl":{"start":{"line":10,"column":2},"end":{"line":10,"column":3}},"loc":{"start":{"line":10,"column":48},"end":{"line":12,"column":3}},"line":10},"2":{"name":"(anonymous_2)","decl":{"start":{"line":14,"column":2},"end":{"line":14,"column":3}},"loc":{"start":{"line":14,"column":56},"end":{"line":16,"column":3}},"line":14},"3":{"name":"(anonymous_3)","decl":{"start":{"line":18,"column":2},"end":{"line":18,"column":3}},"loc":{"start":{"line":18,"column":11},"end":{"line":25,"column":3}},"line":18}},"branchMap":{"0":{"loc":{"start":{"line":19,"column":4},"end":{"line":22,"column":5}},"type":"if","locations":[{"start":{"line":19,"column":4},"end":{"line":22,"column":5}},{"start":{"line":19,"column":4},"end":{"line":22,"column":5}}],"line":19}},"s":{"0":0,"1":0,"2":0,"3":0,"4":0,"5":0},"f":{"0":0,"1":0,"2":0,"3":0},"b":{"0":[0,0]},"_coverageSchema":"43e27e138ebf9cfc5966b082cf9a028302ed4184","hash":"2bc0db5637ba6e9635024940461dfb25276b24d0"}
,"C:\\Users\\maria.bohorquez\\Documents\\ADN\\gui-restaurant-app\\react-redux\\src\\app\\core\\redux\\store.ts": {"path":"C:\\Users\\maria.bohorquez\\Documents\\ADN\\gui-restaurant-app\\react-redux\\src\\app\\core\\redux\\store.ts","statementMap":{"0":{"start":{"line":7,"column":25},"end":{"line":7,"column":79}},"1":{"start":{"line":9,"column":14},"end":{"line":12,"column":1}}},"fnMap":{},"branchMap":{"0":{"loc":{"start":{"line":7,"column":25},"end":{"line":7,"column":79}},"type":"binary-expr","locations":[{"start":{"line":7,"column":25},"end":{"line":7,"column":68}},{"start":{"line":7,"column":72},"end":{"line":7,"column":79}}],"line":7}},"s":{"0":1,"1":1},"f":{},"b":{"0":[1,1]},"_coverageSchema":"43e27e138ebf9cfc5966b082cf9a028302ed4184","hash":"f9f7b1edd52e833807c494afe75b96a44e145d28"}
,"C:\\Users\\maria.bohorquez\\Documents\\ADN\\gui-restaurant-app\\react-redux\\src\\app\\core\\redux\\actions\\cart\\ActionTypesCart.ts": {"path":"C:\\Users\\maria.bohorquez\\Documents\\ADN\\gui-restaurant-app\\react-redux\\src\\app\\core\\redux\\actions\\cart\\ActionTypesCart.ts","statementMap":{"0":{"start":{"line":4,"column":29},"end":{"line":4,"column":51}},"1":{"start":{"line":5,"column":28},"end":{"line":5,"column":53}},"2":{"start":{"line":7,"column":34},"end":{"line":7,"column":65}},"3":{"start":{"line":8,"column":35},"end":{"line":8,"column":67}},"4":{"start":{"line":9,"column":37},"end":{"line":9,"column":69}},"5":{"start":{"line":10,"column":34},"end":{"line":10,"column":66}},"6":{"start":{"line":12,"column":26},"end":{"line":12,"column":49}},"7":{"start":{"line":13,"column":29},"end":{"line":13,"column":52}},"8":{"start":{"line":15,"column":29},"end":{"line":15,"column":54}},"9":{"start":{"line":16,"column":25},"end":{"line":16,"column":47}}},"fnMap":{},"branchMap":{},"s":{"0":4,"1":4,"2":4,"3":4,"4":4,"5":4,"6":4,"7":4,"8":4,"9":4},"f":{},"b":{},"_coverageSchema":"43e27e138ebf9cfc5966b082cf9a028302ed4184","hash":"366b9f45539191148cdee5d55ac687206cb8b281"}
,"C:\\Users\\maria.bohorquez\\Documents\\ADN\\gui-restaurant-app\\react-redux\\src\\app\\core\\redux\\actions\\cart\\ActionsCart.ts": {"path":"C:\\Users\\maria.bohorquez\\Documents\\ADN\\gui-restaurant-app\\react-redux\\src\\app\\core\\redux\\actions\\cart\\ActionsCart.ts","statementMap":{"0":{"start":{"line":20,"column":21},"end":{"line":20,"column":46}},"1":{"start":{"line":23,"column":2},"end":{"line":26,"column":4}},"2":{"start":{"line":30,"column":2},"end":{"line":33,"column":4}},"3":{"start":{"line":37,"column":2},"end":{"line":40,"column":4}},"4":{"start":{"line":44,"column":2},"end":{"line":47,"column":4}},"5":{"start":{"line":51,"column":2},"end":{"line":70,"column":4}},"6":{"start":{"line":52,"column":4},"end":{"line":52,"column":30}},"7":{"start":{"line":53,"column":4},"end":{"line":69,"column":9}},"8":{"start":{"line":55,"column":8},"end":{"line":55,"column":35}},"9":{"start":{"line":56,"column":8},"end":{"line":56,"column":41}},"10":{"start":{"line":57,"column":8},"end":{"line":57,"column":69}},"11":{"start":{"line":60,"column":8},"end":{"line":60,"column":35}},"12":{"start":{"line":61,"column":8},"end":{"line":67,"column":10}},"13":{"start":{"line":68,"column":8},"end":{"line":68,"column":41}},"14":{"start":{"line":74,"column":2},"end":{"line":77,"column":4}},"15":{"start":{"line":81,"column":2},"end":{"line":84,"column":4}},"16":{"start":{"line":88,"column":2},"end":{"line":91,"column":4}},"17":{"start":{"line":95,"column":2},"end":{"line":98,"column":4}},"18":{"start":{"line":102,"column":2},"end":{"line":105,"column":4}},"19":{"start":{"line":109,"column":2},"end":{"line":119,"column":4}},"20":{"start":{"line":123,"column":2},"end":{"line":159,"column":4}},"21":{"start":{"line":124,"column":4},"end":{"line":124,"column":30}},"22":{"start":{"line":125,"column":4},"end":{"line":158,"column":9}},"23":{"start":{"line":127,"column":8},"end":{"line":127,"column":35}},"24":{"start":{"line":128,"column":8},"end":{"line":128,"column":41}},"25":{"start":{"line":129,"column":18},"end":{"line":136,"column":9}},"26":{"start":{"line":137,"column":8},"end":{"line":137,"column":38}},"27":{"start":{"line":140,"column":8},"end":{"line":140,"column":35}},"28":{"start":{"line":141,"column":8},"end":{"line":147,"column":10}},"29":{"start":{"line":148,"column":8},"end":{"line":157,"column":10}},"30":{"start":{"line":162,"column":2},"end":{"line":183,"column":4}},"31":{"start":{"line":163,"column":4},"end":{"line":163,"column":30}},"32":{"start":{"line":164,"column":4},"end":{"line":182,"column":9}},"33":{"start":{"line":166,"column":8},"end":{"line":166,"column":35}},"34":{"start":{"line":167,"column":8},"end":{"line":167,"column":41}},"35":{"start":{"line":168,"column":8},"end":{"line":170,"column":9}},"36":{"start":{"line":169,"column":10},"end":{"line":169,"column":55}},"37":{"start":{"line":171,"column":8},"end":{"line":171,"column":53}},"38":{"start":{"line":174,"column":8},"end":{"line":174,"column":35}},"39":{"start":{"line":175,"column":8},"end":{"line":181,"column":10}},"40":{"start":{"line":187,"column":2},"end":{"line":190,"column":4}},"41":{"start":{"line":194,"column":2},"end":{"line":197,"column":4}}},"fnMap":{"0":{"name":"defaultState","decl":{"start":{"line":22,"column":16},"end":{"line":22,"column":28}},"loc":{"start":{"line":22,"column":59},"end":{"line":27,"column":1}},"line":22},"1":{"name":"setProducts","decl":{"start":{"line":29,"column":16},"end":{"line":29,"column":27}},"loc":{"start":{"line":29,"column":78},"end":{"line":34,"column":1}},"line":29},"2":{"name":"isLoading","decl":{"start":{"line":36,"column":16},"end":{"line":36,"column":25}},"loc":{"start":{"line":36,"column":62},"end":{"line":41,"column":1}},"line":36},"3":{"name":"setError","decl":{"start":{"line":43,"column":16},"end":{"line":43,"column":24}},"loc":{"start":{"line":43,"column":63},"end":{"line":48,"column":1}},"line":43},"4":{"name":"setProductsAsync","decl":{"start":{"line":50,"column":16},"end":{"line":50,"column":32}},"loc":{"start":{"line":50,"column":45},"end":{"line":71,"column":1}},"line":50},"5":{"name":"(anonymous_5)","decl":{"start":{"line":51,"column":9},"end":{"line":51,"column":10}},"loc":{"start":{"line":51,"column":40},"end":{"line":70,"column":3}},"line":51},"6":{"name":"(anonymous_6)","decl":{"start":{"line":54,"column":12},"end":{"line":54,"column":13}},"loc":{"start":{"line":54,"column":31},"end":{"line":58,"column":7}},"line":54},"7":{"name":"(anonymous_7)","decl":{"start":{"line":59,"column":13},"end":{"line":59,"column":14}},"loc":{"start":{"line":59,"column":22},"end":{"line":69,"column":7}},"line":59},"8":{"name":"addCountProduct","decl":{"start":{"line":73,"column":16},"end":{"line":73,"column":31}},"loc":{"start":{"line":73,"column":52},"end":{"line":78,"column":1}},"line":73},"9":{"name":"subtCountProduct","decl":{"start":{"line":80,"column":16},"end":{"line":80,"column":32}},"loc":{"start":{"line":80,"column":53},"end":{"line":85,"column":1}},"line":80},"10":{"name":"deleteCountProduct","decl":{"start":{"line":87,"column":16},"end":{"line":87,"column":34}},"loc":{"start":{"line":87,"column":55},"end":{"line":92,"column":1}},"line":87},"11":{"name":"setCountProduct","decl":{"start":{"line":94,"column":16},"end":{"line":94,"column":31}},"loc":{"start":{"line":94,"column":65},"end":{"line":99,"column":1}},"line":94},"12":{"name":"setClient","decl":{"start":{"line":101,"column":16},"end":{"line":101,"column":25}},"loc":{"start":{"line":101,"column":61},"end":{"line":106,"column":1}},"line":101},"13":{"name":"deleteClient","decl":{"start":{"line":108,"column":16},"end":{"line":108,"column":28}},"loc":{"start":{"line":108,"column":49},"end":{"line":120,"column":1}},"line":108},"14":{"name":"registryClientAsync","decl":{"start":{"line":122,"column":16},"end":{"line":122,"column":35}},"loc":{"start":{"line":122,"column":53},"end":{"line":160,"column":1}},"line":122},"15":{"name":"(anonymous_15)","decl":{"start":{"line":123,"column":9},"end":{"line":123,"column":10}},"loc":{"start":{"line":123,"column":40},"end":{"line":159,"column":3}},"line":123},"16":{"name":"(anonymous_16)","decl":{"start":{"line":126,"column":12},"end":{"line":126,"column":13}},"loc":{"start":{"line":126,"column":31},"end":{"line":138,"column":7}},"line":126},"17":{"name":"(anonymous_17)","decl":{"start":{"line":139,"column":13},"end":{"line":139,"column":14}},"loc":{"start":{"line":139,"column":22},"end":{"line":158,"column":7}},"line":139},"18":{"name":"setClientAsync","decl":{"start":{"line":161,"column":16},"end":{"line":161,"column":30}},"loc":{"start":{"line":161,"column":60},"end":{"line":184,"column":1}},"line":161},"19":{"name":"(anonymous_19)","decl":{"start":{"line":162,"column":9},"end":{"line":162,"column":10}},"loc":{"start":{"line":162,"column":40},"end":{"line":183,"column":3}},"line":162},"20":{"name":"(anonymous_20)","decl":{"start":{"line":165,"column":12},"end":{"line":165,"column":13}},"loc":{"start":{"line":165,"column":31},"end":{"line":172,"column":7}},"line":165},"21":{"name":"(anonymous_21)","decl":{"start":{"line":173,"column":13},"end":{"line":173,"column":14}},"loc":{"start":{"line":173,"column":22},"end":{"line":182,"column":7}},"line":173},"22":{"name":"setModoEdit","decl":{"start":{"line":186,"column":16},"end":{"line":186,"column":27}},"loc":{"start":{"line":186,"column":48},"end":{"line":191,"column":1}},"line":186},"23":{"name":"setModoReg","decl":{"start":{"line":193,"column":16},"end":{"line":193,"column":26}},"loc":{"start":{"line":193,"column":47},"end":{"line":198,"column":1}},"line":193}},"branchMap":{"0":{"loc":{"start":{"line":168,"column":8},"end":{"line":170,"column":9}},"type":"if","locations":[{"start":{"line":168,"column":8},"end":{"line":170,"column":9}},{"start":{"line":168,"column":8},"end":{"line":170,"column":9}}],"line":168},"1":{"loc":{"start":{"line":168,"column":12},"end":{"line":168,"column":56}},"type":"binary-expr","locations":[{"start":{"line":168,"column":12},"end":{"line":168,"column":28}},{"start":{"line":168,"column":32},"end":{"line":168,"column":56}}],"line":168}},"s":{"0":3,"1":0,"2":0,"3":1,"4":1,"5":0,"6":0,"7":0,"8":0,"9":0,"10":0,"11":0,"12":0,"13":0,"14":0,"15":0,"16":0,"17":0,"18":0,"19":0,"20":0,"21":0,"22":0,"23":0,"24":0,"25":0,"26":0,"27":0,"28":0,"29":0,"30":0,"31":0,"32":0,"33":0,"34":0,"35":0,"36":0,"37":0,"38":0,"39":0,"40":0,"41":0},"f":{"0":0,"1":0,"2":1,"3":1,"4":0,"5":0,"6":0,"7":0,"8":0,"9":0,"10":0,"11":0,"12":0,"13":0,"14":0,"15":0,"16":0,"17":0,"18":0,"19":0,"20":0,"21":0,"22":0,"23":0},"b":{"0":[0,0],"1":[0,0]},"_coverageSchema":"43e27e138ebf9cfc5966b082cf9a028302ed4184","hash":"006044665b501fbe16a487a1e9ebb2c1060e4fab"}
,"C:\\Users\\maria.bohorquez\\Documents\\ADN\\gui-restaurant-app\\react-redux\\src\\app\\core\\redux\\actions\\home\\ActionTypesHome.ts": {"path":"C:\\Users\\maria.bohorquez\\Documents\\ADN\\gui-restaurant-app\\react-redux\\src\\app\\core\\redux\\actions\\home\\ActionTypesHome.ts","statementMap":{"0":{"start":{"line":3,"column":29},"end":{"line":3,"column":51}},"1":{"start":{"line":4,"column":27},"end":{"line":4,"column":50}},"2":{"start":{"line":5,"column":28},"end":{"line":5,"column":53}}},"fnMap":{},"branchMap":{},"s":{"0":1,"1":1,"2":1},"f":{},"b":{},"_coverageSchema":"43e27e138ebf9cfc5966b082cf9a028302ed4184","hash":"b7da4d195b80c3f5b70f3a2590c9aab09e0cb7b2"}
,"C:\\Users\\maria.bohorquez\\Documents\\ADN\\gui-restaurant-app\\react-redux\\src\\app\\core\\redux\\actions\\home\\ActionsHome.ts": {"path":"C:\\Users\\maria.bohorquez\\Documents\\ADN\\gui-restaurant-app\\react-redux\\src\\app\\core\\redux\\actions\\home\\ActionsHome.ts","statementMap":{"0":{"start":{"line":10,"column":2},"end":{"line":13,"column":4}},"1":{"start":{"line":17,"column":2},"end":{"line":20,"column":4}},"2":{"start":{"line":24,"column":2},"end":{"line":27,"column":4}}},"fnMap":{"0":{"name":"defaultState","decl":{"start":{"line":9,"column":16},"end":{"line":9,"column":28}},"loc":{"start":{"line":9,"column":59},"end":{"line":14,"column":1}},"line":9},"1":{"name":"setProducts","decl":{"start":{"line":16,"column":16},"end":{"line":16,"column":27}},"loc":{"start":{"line":16,"column":73},"end":{"line":21,"column":1}},"line":16},"2":{"name":"setFilters","decl":{"start":{"line":23,"column":16},"end":{"line":23,"column":26}},"loc":{"start":{"line":23,"column":64},"end":{"line":28,"column":1}},"line":23}},"branchMap":{},"s":{"0":0,"1":0,"2":0},"f":{"0":0,"1":0,"2":0},"b":{},"hash":"a7305c956526abb2eed5af2666da03ddac8186ab"}
,"C:\\Users\\maria.bohorquez\\Documents\\ADN\\gui-restaurant-app\\react-redux\\src\\app\\core\\redux\\actions\\main\\ActionTypesMain.ts": {"path":"C:\\Users\\maria.bohorquez\\Documents\\ADN\\gui-restaurant-app\\react-redux\\src\\app\\core\\redux\\actions\\main\\ActionTypesMain.ts","statementMap":{"0":{"start":{"line":3,"column":29},"end":{"line":3,"column":51}},"1":{"start":{"line":4,"column":26},"end":{"line":4,"column":51}},"2":{"start":{"line":5,"column":21},"end":{"line":5,"column":46}}},"fnMap":{},"branchMap":{},"s":{"0":6,"1":6,"2":6},"f":{},"b":{},"_coverageSchema":"43e27e138ebf9cfc5966b082cf9a028302ed4184","hash":"b54f1d0a051fd606c50c6bf6cc2d613c3fa687a2"}
,"C:\\Users\\maria.bohorquez\\Documents\\ADN\\gui-restaurant-app\\react-redux\\src\\app\\core\\redux\\actions\\order\\ActionTypesOrder.ts": {"path":"C:\\Users\\maria.bohorquez\\Documents\\ADN\\gui-restaurant-app\\react-redux\\src\\app\\core\\redux\\actions\\order\\ActionTypesOrder.ts","statementMap":{"0":{"start":{"line":3,"column":29},"end":{"line":3,"column":53}},"1":{"start":{"line":4,"column":28},"end":{"line":4,"column":50}},"2":{"start":{"line":5,"column":25},"end":{"line":5,"column":47}}},"fnMap":{},"branchMap":{},"s":{"0":2,"1":2,"2":2},"f":{},"b":{},"_coverageSchema":"43e27e138ebf9cfc5966b082cf9a028302ed4184","hash":"902a6c2a636ac212573c38e7f2b01e0cde902bbc"}
,"C:\\Users\\maria.bohorquez\\Documents\\ADN\\gui-restaurant-app\\react-redux\\src\\app\\core\\redux\\actions\\order\\ActionsOrder.ts": {"path":"C:\\Users\\maria.bohorquez\\Documents\\ADN\\gui-restaurant-app\\react-redux\\src\\app\\core\\redux\\actions\\order\\ActionsOrder.ts","statementMap":{"0":{"start":{"line":22,"column":21},"end":{"line":22,"column":46}},"1":{"start":{"line":25,"column":2},"end":{"line":28,"column":4}},"2":{"start":{"line":32,"column":2},"end":{"line":35,"column":4}},"3":{"start":{"line":39,"column":2},"end":{"line":42,"column":4}},"4":{"start":{"line":46,"column":2},"end":{"line":49,"column":4}},"5":{"start":{"line":53,"column":2},"end":{"line":98,"column":4}},"6":{"start":{"line":54,"column":14},"end":{"line":54,"column":36}},"7":{"start":{"line":55,"column":4},"end":{"line":55,"column":30}},"8":{"start":{"line":56,"column":4},"end":{"line":61,"column":5}},"9":{"start":{"line":57,"column":6},"end":{"line":57,"column":31}},"10":{"start":{"line":58,"column":6},"end":{"line":58,"column":37}},"11":{"start":{"line":59,"column":6},"end":{"line":59,"column":31}},"12":{"start":{"line":60,"column":6},"end":{"line":60,"column":54}},"13":{"start":{"line":62,"column":4},"end":{"line":97,"column":9}},"14":{"start":{"line":64,"column":8},"end":{"line":64,"column":35}},"15":{"start":{"line":65,"column":8},"end":{"line":65,"column":41}},"16":{"start":{"line":66,"column":8},"end":{"line":66,"column":33}},"17":{"start":{"line":67,"column":8},"end":{"line":67,"column":39}},"18":{"start":{"line":68,"column":8},"end":{"line":68,"column":33}},"19":{"start":{"line":69,"column":8},"end":{"line":69,"column":40}},"20":{"start":{"line":70,"column":8},"end":{"line":70,"column":52}},"21":{"start":{"line":73,"column":8},"end":{"line":73,"column":35}},"22":{"start":{"line":74,"column":8},"end":{"line":79,"column":10}},"23":{"start":{"line":80,"column":8},"end":{"line":96,"column":10}},"24":{"start":{"line":102,"column":2},"end":{"line":130,"column":4}},"25":{"start":{"line":103,"column":4},"end":{"line":103,"column":30}},"26":{"start":{"line":104,"column":4},"end":{"line":129,"column":9}},"27":{"start":{"line":106,"column":8},"end":{"line":116,"column":9}},"28":{"start":{"line":107,"column":10},"end":{"line":107,"column":37}},"29":{"start":{"line":108,"column":10},"end":{"line":113,"column":12}},"30":{"start":{"line":114,"column":10},"end":{"line":114,"column":60}},"31":{"start":{"line":115,"column":10},"end":{"line":115,"column":17}},"32":{"start":{"line":117,"column":8},"end":{"line":117,"column":35}},"33":{"start":{"line":118,"column":8},"end":{"line":118,"column":41}},"34":{"start":{"line":119,"column":8},"end":{"line":119,"column":52}},"35":{"start":{"line":122,"column":8},"end":{"line":122,"column":35}},"36":{"start":{"line":123,"column":8},"end":{"line":128,"column":10}},"37":{"start":{"line":134,"column":2},"end":{"line":151,"column":4}},"38":{"start":{"line":135,"column":4},"end":{"line":135,"column":30}},"39":{"start":{"line":136,"column":4},"end":{"line":150,"column":9}},"40":{"start":{"line":138,"column":8},"end":{"line":138,"column":35}},"41":{"start":{"line":139,"column":8},"end":{"line":139,"column":41}},"42":{"start":{"line":140,"column":8},"end":{"line":140,"column":52}},"43":{"start":{"line":143,"column":8},"end":{"line":143,"column":35}},"44":{"start":{"line":144,"column":8},"end":{"line":149,"column":10}}},"fnMap":{"0":{"name":"defaultState","decl":{"start":{"line":24,"column":16},"end":{"line":24,"column":28}},"loc":{"start":{"line":24,"column":66},"end":{"line":29,"column":1}},"line":24},"1":{"name":"setOrder","decl":{"start":{"line":31,"column":16},"end":{"line":31,"column":24}},"loc":{"start":{"line":31,"column":62},"end":{"line":36,"column":1}},"line":31},"2":{"name":"isLoading","decl":{"start":{"line":38,"column":16},"end":{"line":38,"column":25}},"loc":{"start":{"line":38,"column":62},"end":{"line":43,"column":1}},"line":38},"3":{"name":"setError","decl":{"start":{"line":45,"column":16},"end":{"line":45,"column":24}},"loc":{"start":{"line":45,"column":63},"end":{"line":50,"column":1}},"line":45},"4":{"name":"setOrderAsync","decl":{"start":{"line":52,"column":16},"end":{"line":52,"column":29}},"loc":{"start":{"line":52,"column":76},"end":{"line":99,"column":1}},"line":52},"5":{"name":"(anonymous_5)","decl":{"start":{"line":53,"column":9},"end":{"line":53,"column":10}},"loc":{"start":{"line":53,"column":40},"end":{"line":98,"column":3}},"line":53},"6":{"name":"(anonymous_6)","decl":{"start":{"line":63,"column":12},"end":{"line":63,"column":13}},"loc":{"start":{"line":63,"column":31},"end":{"line":71,"column":7}},"line":63},"7":{"name":"(anonymous_7)","decl":{"start":{"line":72,"column":13},"end":{"line":72,"column":14}},"loc":{"start":{"line":72,"column":22},"end":{"line":97,"column":7}},"line":72},"8":{"name":"searchOrderAsync","decl":{"start":{"line":101,"column":16},"end":{"line":101,"column":32}},"loc":{"start":{"line":101,"column":45},"end":{"line":131,"column":1}},"line":101},"9":{"name":"(anonymous_9)","decl":{"start":{"line":102,"column":9},"end":{"line":102,"column":10}},"loc":{"start":{"line":102,"column":40},"end":{"line":130,"column":3}},"line":102},"10":{"name":"(anonymous_10)","decl":{"start":{"line":105,"column":12},"end":{"line":105,"column":13}},"loc":{"start":{"line":105,"column":31},"end":{"line":120,"column":7}},"line":105},"11":{"name":"(anonymous_11)","decl":{"start":{"line":121,"column":13},"end":{"line":121,"column":14}},"loc":{"start":{"line":121,"column":22},"end":{"line":129,"column":7}},"line":121},"12":{"name":"setConfigOrderAsync","decl":{"start":{"line":133,"column":16},"end":{"line":133,"column":35}},"loc":{"start":{"line":133,"column":72},"end":{"line":152,"column":1}},"line":133},"13":{"name":"(anonymous_13)","decl":{"start":{"line":134,"column":9},"end":{"line":134,"column":10}},"loc":{"start":{"line":134,"column":40},"end":{"line":151,"column":3}},"line":134},"14":{"name":"(anonymous_14)","decl":{"start":{"line":137,"column":12},"end":{"line":137,"column":13}},"loc":{"start":{"line":137,"column":31},"end":{"line":141,"column":7}},"line":137},"15":{"name":"(anonymous_15)","decl":{"start":{"line":142,"column":13},"end":{"line":142,"column":14}},"loc":{"start":{"line":142,"column":22},"end":{"line":150,"column":7}},"line":142}},"branchMap":{"0":{"loc":{"start":{"line":56,"column":4},"end":{"line":61,"column":5}},"type":"if","locations":[{"start":{"line":56,"column":4},"end":{"line":61,"column":5}},{"start":{"line":56,"column":4},"end":{"line":61,"column":5}}],"line":56},"1":{"loc":{"start":{"line":106,"column":8},"end":{"line":116,"column":9}},"type":"if","locations":[{"start":{"line":106,"column":8},"end":{"line":116,"column":9}},{"start":{"line":106,"column":8},"end":{"line":116,"column":9}}],"line":106},"2":{"loc":{"start":{"line":106,"column":12},"end":{"line":106,"column":59}},"type":"binary-expr","locations":[{"start":{"line":106,"column":12},"end":{"line":106,"column":29}},{"start":{"line":106,"column":33},"end":{"line":106,"column":59}}],"line":106}},"s":{"0":1,"1":1,"2":1,"3":0,"4":0,"5":0,"6":0,"7":0,"8":0,"9":0,"10":0,"11":0,"12":0,"13":0,"14":0,"15":0,"16":0,"17":0,"18":0,"19":0,"20":0,"21":0,"22":0,"23":0,"24":0,"25":0,"26":0,"27":0,"28":0,"29":0,"30":0,"31":0,"32":0,"33":0,"34":0,"35":0,"36":0,"37":0,"38":0,"39":0,"40":0,"41":0,"42":0,"43":0,"44":0},"f":{"0":1,"1":1,"2":0,"3":0,"4":0,"5":0,"6":0,"7":0,"8":0,"9":0,"10":0,"11":0,"12":0,"13":0,"14":0,"15":0},"b":{"0":[0,0],"1":[0,0],"2":[0,0]},"_coverageSchema":"43e27e138ebf9cfc5966b082cf9a028302ed4184","hash":"2ed4bda56458e7a9a9bf435608c8e7bb07ba8f31"}
,"C:\\Users\\maria.bohorquez\\Documents\\ADN\\gui-restaurant-app\\react-redux\\src\\app\\core\\redux\\actions\\products\\ActionTypesProducts.ts": {"path":"C:\\Users\\maria.bohorquez\\Documents\\ADN\\gui-restaurant-app\\react-redux\\src\\app\\core\\redux\\actions\\products\\ActionTypesProducts.ts","statementMap":{"0":{"start":{"line":3,"column":29},"end":{"line":3,"column":53}},"1":{"start":{"line":4,"column":28},"end":{"line":4,"column":54}}},"fnMap":{},"branchMap":{},"s":{"0":2,"1":2},"f":{},"b":{},"_coverageSchema":"43e27e138ebf9cfc5966b082cf9a028302ed4184","hash":"7ad11ca3409d51c903e94bd7299fd24922ccc04e"}
,"C:\\Users\\maria.bohorquez\\Documents\\ADN\\gui-restaurant-app\\react-redux\\src\\app\\core\\redux\\actions\\products\\ActionsProducts.ts": {"path":"C:\\Users\\maria.bohorquez\\Documents\\ADN\\gui-restaurant-app\\react-redux\\src\\app\\core\\redux\\actions\\products\\ActionsProducts.ts","statementMap":{"0":{"start":{"line":10,"column":21},"end":{"line":10,"column":46}},"1":{"start":{"line":13,"column":2},"end":{"line":16,"column":4}},"2":{"start":{"line":20,"column":2},"end":{"line":23,"column":4}},"3":{"start":{"line":27,"column":2},"end":{"line":30,"column":4}},"4":{"start":{"line":34,"column":2},"end":{"line":37,"column":4}},"5":{"start":{"line":41,"column":2},"end":{"line":60,"column":4}},"6":{"start":{"line":42,"column":4},"end":{"line":42,"column":30}},"7":{"start":{"line":43,"column":4},"end":{"line":59,"column":9}},"8":{"start":{"line":45,"column":8},"end":{"line":45,"column":35}},"9":{"start":{"line":46,"column":8},"end":{"line":46,"column":41}},"10":{"start":{"line":47,"column":8},"end":{"line":47,"column":52}},"11":{"start":{"line":50,"column":8},"end":{"line":50,"column":35}},"12":{"start":{"line":51,"column":8},"end":{"line":57,"column":10}},"13":{"start":{"line":58,"column":8},"end":{"line":58,"column":41}}},"fnMap":{"0":{"name":"defaultState","decl":{"start":{"line":12,"column":16},"end":{"line":12,"column":28}},"loc":{"start":{"line":12,"column":76},"end":{"line":17,"column":1}},"line":12},"1":{"name":"setProducts","decl":{"start":{"line":19,"column":16},"end":{"line":19,"column":27}},"loc":{"start":{"line":19,"column":77},"end":{"line":24,"column":1}},"line":19},"2":{"name":"isLoading","decl":{"start":{"line":26,"column":16},"end":{"line":26,"column":25}},"loc":{"start":{"line":26,"column":62},"end":{"line":31,"column":1}},"line":26},"3":{"name":"setError","decl":{"start":{"line":33,"column":16},"end":{"line":33,"column":24}},"loc":{"start":{"line":33,"column":63},"end":{"line":38,"column":1}},"line":33},"4":{"name":"setProductsAsync","decl":{"start":{"line":40,"column":16},"end":{"line":40,"column":32}},"loc":{"start":{"line":40,"column":35},"end":{"line":61,"column":1}},"line":40},"5":{"name":"(anonymous_5)","decl":{"start":{"line":41,"column":9},"end":{"line":41,"column":10}},"loc":{"start":{"line":41,"column":40},"end":{"line":60,"column":3}},"line":41},"6":{"name":"(anonymous_6)","decl":{"start":{"line":44,"column":12},"end":{"line":44,"column":13}},"loc":{"start":{"line":44,"column":31},"end":{"line":48,"column":7}},"line":44},"7":{"name":"(anonymous_7)","decl":{"start":{"line":49,"column":13},"end":{"line":49,"column":14}},"loc":{"start":{"line":49,"column":22},"end":{"line":59,"column":7}},"line":49}},"branchMap":{},"s":{"0":1,"1":1,"2":1,"3":0,"4":0,"5":0,"6":0,"7":0,"8":0,"9":0,"10":0,"11":0,"12":0,"13":0},"f":{"0":1,"1":1,"2":0,"3":0,"4":0,"5":0,"6":0,"7":0},"b":{},"_coverageSchema":"43e27e138ebf9cfc5966b082cf9a028302ed4184","hash":"3dd9b2369a2e5e68793eccf2616c5e7a08e0278e"}
,"C:\\Users\\maria.bohorquez\\Documents\\ADN\\gui-restaurant-app\\react-redux\\src\\app\\core\\redux\\actions\\ranking\\ActionTypesRanking.ts": {"path":"C:\\Users\\maria.bohorquez\\Documents\\ADN\\gui-restaurant-app\\react-redux\\src\\app\\core\\redux\\actions\\ranking\\ActionTypesRanking.ts","statementMap":{"0":{"start":{"line":3,"column":29},"end":{"line":3,"column":52}},"1":{"start":{"line":4,"column":28},"end":{"line":4,"column":53}}},"fnMap":{},"branchMap":{},"s":{"0":3,"1":3},"f":{},"b":{},"_coverageSchema":"43e27e138ebf9cfc5966b082cf9a028302ed4184","hash":"911a3dc18c485b65214c2d22e528afffe9ddf80c"}
,"C:\\Users\\maria.bohorquez\\Documents\\ADN\\gui-restaurant-app\\react-redux\\src\\app\\core\\redux\\actions\\ranking\\ActionsRanking.ts": {"path":"C:\\Users\\maria.bohorquez\\Documents\\ADN\\gui-restaurant-app\\react-redux\\src\\app\\core\\redux\\actions\\ranking\\ActionsRanking.ts","statementMap":{"0":{"start":{"line":11,"column":21},"end":{"line":11,"column":46}},"1":{"start":{"line":14,"column":2},"end":{"line":17,"column":4}},"2":{"start":{"line":21,"column":2},"end":{"line":24,"column":4}},"3":{"start":{"line":28,"column":2},"end":{"line":31,"column":4}},"4":{"start":{"line":35,"column":2},"end":{"line":38,"column":4}},"5":{"start":{"line":42,"column":2},"end":{"line":61,"column":4}},"6":{"start":{"line":43,"column":4},"end":{"line":43,"column":30}},"7":{"start":{"line":44,"column":4},"end":{"line":60,"column":9}},"8":{"start":{"line":46,"column":8},"end":{"line":46,"column":35}},"9":{"start":{"line":47,"column":8},"end":{"line":47,"column":41}},"10":{"start":{"line":48,"column":8},"end":{"line":48,"column":52}},"11":{"start":{"line":51,"column":8},"end":{"line":51,"column":35}},"12":{"start":{"line":52,"column":8},"end":{"line":58,"column":10}},"13":{"start":{"line":59,"column":8},"end":{"line":59,"column":41}}},"fnMap":{"0":{"name":"defaultState","decl":{"start":{"line":13,"column":16},"end":{"line":13,"column":28}},"loc":{"start":{"line":13,"column":75},"end":{"line":18,"column":1}},"line":13},"1":{"name":"setProducts","decl":{"start":{"line":20,"column":16},"end":{"line":20,"column":27}},"loc":{"start":{"line":20,"column":76},"end":{"line":25,"column":1}},"line":20},"2":{"name":"isLoading","decl":{"start":{"line":27,"column":16},"end":{"line":27,"column":25}},"loc":{"start":{"line":27,"column":62},"end":{"line":32,"column":1}},"line":27},"3":{"name":"setError","decl":{"start":{"line":34,"column":16},"end":{"line":34,"column":24}},"loc":{"start":{"line":34,"column":63},"end":{"line":39,"column":1}},"line":34},"4":{"name":"setProductsRanAsync","decl":{"start":{"line":41,"column":16},"end":{"line":41,"column":35}},"loc":{"start":{"line":41,"column":38},"end":{"line":62,"column":1}},"line":41},"5":{"name":"(anonymous_5)","decl":{"start":{"line":42,"column":9},"end":{"line":42,"column":10}},"loc":{"start":{"line":42,"column":40},"end":{"line":61,"column":3}},"line":42},"6":{"name":"(anonymous_6)","decl":{"start":{"line":45,"column":12},"end":{"line":45,"column":13}},"loc":{"start":{"line":45,"column":31},"end":{"line":49,"column":7}},"line":45},"7":{"name":"(anonymous_7)","decl":{"start":{"line":50,"column":13},"end":{"line":50,"column":14}},"loc":{"start":{"line":50,"column":22},"end":{"line":60,"column":7}},"line":50}},"branchMap":{},"s":{"0":2,"1":1,"2":1,"3":0,"4":0,"5":0,"6":0,"7":0,"8":0,"9":0,"10":0,"11":0,"12":0,"13":0},"f":{"0":1,"1":1,"2":0,"3":0,"4":0,"5":0,"6":0,"7":0},"b":{},"_coverageSchema":"43e27e138ebf9cfc5966b082cf9a028302ed4184","hash":"25d34719b34db791dfb037d09b75ce4cfa34d3db"}
,"C:\\Users\\maria.bohorquez\\Documents\\ADN\\gui-restaurant-app\\react-redux\\src\\app\\core\\redux\\modelo\\GeneralState.ts": {"path":"C:\\Users\\maria.bohorquez\\Documents\\ADN\\gui-restaurant-app\\react-redux\\src\\app\\core\\redux\\modelo\\GeneralState.ts","statementMap":{},"fnMap":{},"branchMap":{},"s":{},"f":{},"b":{},"hash":"635b0a06a99364b3ac574aed9966865dcacfd03f"}
,"C:\\Users\\maria.bohorquez\\Documents\\ADN\\gui-restaurant-app\\react-redux\\src\\app\\core\\redux\\modelo\\IStateCart.ts": {"path":"C:\\Users\\maria.bohorquez\\Documents\\ADN\\gui-restaurant-app\\react-redux\\src\\app\\core\\redux\\modelo\\IStateCart.ts","statementMap":{},"fnMap":{},"branchMap":{},"s":{},"f":{},"b":{},"hash":"dab882a0a7eaf43055a6860372b1e6b78656e115"}
,"C:\\Users\\maria.bohorquez\\Documents\\ADN\\gui-restaurant-app\\react-redux\\src\\app\\core\\redux\\modelo\\IStateHome.ts": {"path":"C:\\Users\\maria.bohorquez\\Documents\\ADN\\gui-restaurant-app\\react-redux\\src\\app\\core\\redux\\modelo\\IStateHome.ts","statementMap":{},"fnMap":{},"branchMap":{},"s":{},"f":{},"b":{},"hash":"41a29b84d12ab11ce5ebbbe05291cbc21ceb871b"}
,"C:\\Users\\maria.bohorquez\\Documents\\ADN\\gui-restaurant-app\\react-redux\\src\\app\\core\\redux\\modelo\\IStateMain.ts": {"path":"C:\\Users\\maria.bohorquez\\Documents\\ADN\\gui-restaurant-app\\react-redux\\src\\app\\core\\redux\\modelo\\IStateMain.ts","statementMap":{},"fnMap":{},"branchMap":{},"s":{},"f":{},"b":{},"hash":"6a3532c9ea12402b8a6b68ec4190b5f9d5c41a09"}
,"C:\\Users\\maria.bohorquez\\Documents\\ADN\\gui-restaurant-app\\react-redux\\src\\app\\core\\redux\\modelo\\IStateOrder.ts": {"path":"C:\\Users\\maria.bohorquez\\Documents\\ADN\\gui-restaurant-app\\react-redux\\src\\app\\core\\redux\\modelo\\IStateOrder.ts","statementMap":{},"fnMap":{},"branchMap":{},"s":{},"f":{},"b":{},"hash":"d00e36ad7d1bcfd27082bdd5d2809d7d34ef1c12"}
,"C:\\Users\\maria.bohorquez\\Documents\\ADN\\gui-restaurant-app\\react-redux\\src\\app\\core\\redux\\modelo\\IStateProducts.ts": {"path":"C:\\Users\\maria.bohorquez\\Documents\\ADN\\gui-restaurant-app\\react-redux\\src\\app\\core\\redux\\modelo\\IStateProducts.ts","statementMap":{},"fnMap":{},"branchMap":{},"s":{},"f":{},"b":{},"hash":"cd1b0072d8f321e2fc69049947e94e49ee9654b2"}
,"C:\\Users\\maria.bohorquez\\Documents\\ADN\\gui-restaurant-app\\react-redux\\src\\app\\core\\redux\\modelo\\IStateRanking.ts": {"path":"C:\\Users\\maria.bohorquez\\Documents\\ADN\\gui-restaurant-app\\react-redux\\src\\app\\core\\redux\\modelo\\IStateRanking.ts","statementMap":{},"fnMap":{},"branchMap":{},"s":{},"f":{},"b":{},"hash":"117eb9d382dcd7147c5813f2d7455c267df67f46"}
,"C:\\Users\\maria.bohorquez\\Documents\\ADN\\gui-restaurant-app\\react-redux\\src\\app\\core\\redux\\reductores\\index.ts": {"path":"C:\\Users\\maria.bohorquez\\Documents\\ADN\\gui-restaurant-app\\react-redux\\src\\app\\core\\redux\\reductores\\index.ts","statementMap":{},"fnMap":{},"branchMap":{},"s":{},"f":{},"b":{},"_coverageSchema":"43e27e138ebf9cfc5966b082cf9a028302ed4184","hash":"0af090f125adb63b2b9860e5cd51e27372757c0b"}
,"C:\\Users\\maria.bohorquez\\Documents\\ADN\\gui-restaurant-app\\react-redux\\src\\app\\core\\redux\\reductores\\cart\\cartReducer.ts": {"path":"C:\\Users\\maria.bohorquez\\Documents\\ADN\\gui-restaurant-app\\react-redux\\src\\app\\core\\redux\\reductores\\cart\\cartReducer.ts","statementMap":{"0":{"start":{"line":16,"column":33},"end":{"line":28,"column":1}},"1":{"start":{"line":34,"column":2},"end":{"line":101,"column":3}},"2":{"start":{"line":36,"column":20},"end":{"line":36,"column":34}},"3":{"start":{"line":37,"column":6},"end":{"line":40,"column":8}},"4":{"start":{"line":43,"column":6},"end":{"line":46,"column":8}},"5":{"start":{"line":49,"column":6},"end":{"line":52,"column":8}},"6":{"start":{"line":55,"column":6},"end":{"line":58,"column":8}},"7":{"start":{"line":61,"column":20},"end":{"line":61,"column":34}},"8":{"start":{"line":62,"column":6},"end":{"line":65,"column":8}},"9":{"start":{"line":68,"column":21},"end":{"line":68,"column":35}},"10":{"start":{"line":69,"column":6},"end":{"line":72,"column":8}},"11":{"start":{"line":75,"column":6},"end":{"line":85,"column":8}},"12":{"start":{"line":88,"column":6},"end":{"line":91,"column":8}},"13":{"start":{"line":94,"column":6},"end":{"line":97,"column":8}},"14":{"start":{"line":100,"column":6},"end":{"line":100,"column":19}}},"fnMap":{"0":{"name":"(anonymous_0)","decl":{"start":{"line":30,"column":15},"end":{"line":30,"column":16}},"loc":{"start":{"line":33,"column":14},"end":{"line":102,"column":1}},"line":33}},"branchMap":{"0":{"loc":{"start":{"line":31,"column":2},"end":{"line":31,"column":22}},"type":"default-arg","locations":[{"start":{"line":31,"column":10},"end":{"line":31,"column":22}}],"line":31},"1":{"loc":{"start":{"line":34,"column":2},"end":{"line":101,"column":3}},"type":"switch","locations":[{"start":{"line":35,"column":4},"end":{"line":41,"column":5}},{"start":{"line":42,"column":4},"end":{"line":47,"column":5}},{"start":{"line":48,"column":4},"end":{"line":53,"column":5}},{"start":{"line":54,"column":4},"end":{"line":59,"column":5}},{"start":{"line":60,"column":4},"end":{"line":66,"column":5}},{"start":{"line":67,"column":4},"end":{"line":73,"column":5}},{"start":{"line":74,"column":4},"end":{"line":86,"column":5}},{"start":{"line":87,"column":4},"end":{"line":92,"column":5}},{"start":{"line":93,"column":4},"end":{"line":98,"column":5}},{"start":{"line":99,"column":4},"end":{"line":100,"column":19}}],"line":34}},"s":{"0":1,"1":3,"2":0,"3":0,"4":0,"5":0,"6":0,"7":0,"8":0,"9":0,"10":0,"11":0,"12":0,"13":0,"14":3},"f":{"0":3},"b":{"0":[3],"1":[0,0,0,0,0,0,0,0,0,3]},"_coverageSchema":"43e27e138ebf9cfc5966b082cf9a028302ed4184","hash":"3805655bd65e0f3075c7cabeca25d864e660cd09"}
,"C:\\Users\\maria.bohorquez\\Documents\\ADN\\gui-restaurant-app\\react-redux\\src\\app\\core\\redux\\reductores\\home\\homeReducer.ts": {"path":"C:\\Users\\maria.bohorquez\\Documents\\ADN\\gui-restaurant-app\\react-redux\\src\\app\\core\\redux\\reductores\\home\\homeReducer.ts","statementMap":{"0":{"start":{"line":9,"column":33},"end":{"line":16,"column":1}},"1":{"start":{"line":22,"column":2},"end":{"line":40,"column":3}},"2":{"start":{"line":24,"column":22},"end":{"line":24,"column":36}},"3":{"start":{"line":25,"column":6},"end":{"line":28,"column":8}},"4":{"start":{"line":31,"column":31},"end":{"line":31,"column":45}},"5":{"start":{"line":32,"column":6},"end":{"line":35,"column":8}},"6":{"start":{"line":39,"column":6},"end":{"line":39,"column":19}}},"fnMap":{"0":{"name":"(anonymous_0)","decl":{"start":{"line":18,"column":15},"end":{"line":18,"column":16}},"loc":{"start":{"line":21,"column":14},"end":{"line":41,"column":1}},"line":21}},"branchMap":{"0":{"loc":{"start":{"line":19,"column":2},"end":{"line":19,"column":22}},"type":"default-arg","locations":[{"start":{"line":19,"column":10},"end":{"line":19,"column":22}}],"line":19},"1":{"loc":{"start":{"line":22,"column":2},"end":{"line":40,"column":3}},"type":"switch","locations":[{"start":{"line":23,"column":4},"end":{"line":29,"column":5}},{"start":{"line":30,"column":4},"end":{"line":36,"column":5}},{"start":{"line":38,"column":4},"end":{"line":39,"column":19}}],"line":22}},"s":{"0":1,"1":3,"2":0,"3":0,"4":0,"5":0,"6":3},"f":{"0":3},"b":{"0":[3],"1":[0,0,3]},"_coverageSchema":"43e27e138ebf9cfc5966b082cf9a028302ed4184","hash":"cf873b8e11386149e289bb77f5087b2e4eb79cf6"}
,"C:\\Users\\maria.bohorquez\\Documents\\ADN\\gui-restaurant-app\\react-redux\\src\\app\\core\\redux\\reductores\\main\\mainReducer.ts": {"path":"C:\\Users\\maria.bohorquez\\Documents\\ADN\\gui-restaurant-app\\react-redux\\src\\app\\core\\redux\\reductores\\main\\mainReducer.ts","statementMap":{"0":{"start":{"line":8,"column":33},"end":{"line":11,"column":1}},"1":{"start":{"line":17,"column":2},"end":{"line":35,"column":3}},"2":{"start":{"line":19,"column":22},"end":{"line":19,"column":36}},"3":{"start":{"line":20,"column":6},"end":{"line":23,"column":8}},"4":{"start":{"line":26,"column":20},"end":{"line":26,"column":34}},"5":{"start":{"line":27,"column":6},"end":{"line":30,"column":8}},"6":{"start":{"line":34,"column":6},"end":{"line":34,"column":19}}},"fnMap":{"0":{"name":"(anonymous_0)","decl":{"start":{"line":13,"column":15},"end":{"line":13,"column":16}},"loc":{"start":{"line":16,"column":14},"end":{"line":36,"column":1}},"line":16}},"branchMap":{"0":{"loc":{"start":{"line":14,"column":2},"end":{"line":14,"column":22}},"type":"default-arg","locations":[{"start":{"line":14,"column":10},"end":{"line":14,"column":22}}],"line":14},"1":{"loc":{"start":{"line":17,"column":2},"end":{"line":35,"column":3}},"type":"switch","locations":[{"start":{"line":18,"column":4},"end":{"line":24,"column":5}},{"start":{"line":25,"column":4},"end":{"line":31,"column":5}},{"start":{"line":33,"column":4},"end":{"line":34,"column":19}}],"line":17}},"s":{"0":2,"1":5,"2":1,"3":1,"4":1,"5":1,"6":3},"f":{"0":5},"b":{"0":[3],"1":[1,1,3]},"_coverageSchema":"43e27e138ebf9cfc5966b082cf9a028302ed4184","hash":"0d98651c7c3b70163383cf8fcf32d654e1185090"}
,"C:\\Users\\maria.bohorquez\\Documents\\ADN\\gui-restaurant-app\\react-redux\\src\\app\\core\\redux\\reductores\\order\\orderReducer.ts": {"path":"C:\\Users\\maria.bohorquez\\Documents\\ADN\\gui-restaurant-app\\react-redux\\src\\app\\core\\redux\\reductores\\order\\orderReducer.ts","statementMap":{"0":{"start":{"line":7,"column":34},"end":{"line":23,"column":1}},"1":{"start":{"line":29,"column":2},"end":{"line":39,"column":3}},"2":{"start":{"line":31,"column":20},"end":{"line":31,"column":34}},"3":{"start":{"line":32,"column":6},"end":{"line":35,"column":8}},"4":{"start":{"line":38,"column":6},"end":{"line":38,"column":19}}},"fnMap":{"0":{"name":"(anonymous_0)","decl":{"start":{"line":25,"column":15},"end":{"line":25,"column":16}},"loc":{"start":{"line":28,"column":15},"end":{"line":40,"column":1}},"line":28}},"branchMap":{"0":{"loc":{"start":{"line":26,"column":2},"end":{"line":26,"column":22}},"type":"default-arg","locations":[{"start":{"line":26,"column":10},"end":{"line":26,"column":22}}],"line":26},"1":{"loc":{"start":{"line":29,"column":2},"end":{"line":39,"column":3}},"type":"switch","locations":[{"start":{"line":30,"column":4},"end":{"line":36,"column":5}},{"start":{"line":37,"column":4},"end":{"line":38,"column":19}}],"line":29}},"s":{"0":2,"1":5,"2":1,"3":1,"4":4},"f":{"0":5},"b":{"0":[3],"1":[1,4]},"_coverageSchema":"43e27e138ebf9cfc5966b082cf9a028302ed4184","hash":"aab79dd19154ac487766080688ae9be74557272e"}
,"C:\\Users\\maria.bohorquez\\Documents\\ADN\\gui-restaurant-app\\react-redux\\src\\app\\core\\redux\\reductores\\products\\productsReducer.ts": {"path":"C:\\Users\\maria.bohorquez\\Documents\\ADN\\gui-restaurant-app\\react-redux\\src\\app\\core\\redux\\reductores\\products\\productsReducer.ts","statementMap":{"0":{"start":{"line":8,"column":37},"end":{"line":10,"column":1}},"1":{"start":{"line":16,"column":2},"end":{"line":26,"column":3}},"2":{"start":{"line":18,"column":20},"end":{"line":18,"column":34}},"3":{"start":{"line":19,"column":6},"end":{"line":22,"column":8}},"4":{"start":{"line":25,"column":6},"end":{"line":25,"column":19}}},"fnMap":{"0":{"name":"(anonymous_0)","decl":{"start":{"line":12,"column":15},"end":{"line":12,"column":16}},"loc":{"start":{"line":15,"column":18},"end":{"line":27,"column":1}},"line":15}},"branchMap":{"0":{"loc":{"start":{"line":13,"column":2},"end":{"line":13,"column":22}},"type":"default-arg","locations":[{"start":{"line":13,"column":10},"end":{"line":13,"column":22}}],"line":13},"1":{"loc":{"start":{"line":16,"column":2},"end":{"line":26,"column":3}},"type":"switch","locations":[{"start":{"line":17,"column":4},"end":{"line":23,"column":5}},{"start":{"line":24,"column":4},"end":{"line":25,"column":19}}],"line":16}},"s":{"0":2,"1":5,"2":1,"3":1,"4":4},"f":{"0":5},"b":{"0":[3],"1":[1,4]},"_coverageSchema":"43e27e138ebf9cfc5966b082cf9a028302ed4184","hash":"80e67b7500e32006286ae23979272eae0f35036b"}
,"C:\\Users\\maria.bohorquez\\Documents\\ADN\\gui-restaurant-app\\react-redux\\src\\app\\core\\redux\\reductores\\ranking\\rankingReducer.ts": {"path":"C:\\Users\\maria.bohorquez\\Documents\\ADN\\gui-restaurant-app\\react-redux\\src\\app\\core\\redux\\reductores\\ranking\\rankingReducer.ts","statementMap":{"0":{"start":{"line":8,"column":36},"end":{"line":10,"column":1}},"1":{"start":{"line":16,"column":2},"end":{"line":26,"column":3}},"2":{"start":{"line":18,"column":20},"end":{"line":18,"column":34}},"3":{"start":{"line":19,"column":6},"end":{"line":22,"column":8}},"4":{"start":{"line":25,"column":6},"end":{"line":25,"column":19}}},"fnMap":{"0":{"name":"(anonymous_0)","decl":{"start":{"line":12,"column":15},"end":{"line":12,"column":16}},"loc":{"start":{"line":15,"column":17},"end":{"line":27,"column":1}},"line":15}},"branchMap":{"0":{"loc":{"start":{"line":13,"column":2},"end":{"line":13,"column":22}},"type":"default-arg","locations":[{"start":{"line":13,"column":10},"end":{"line":13,"column":22}}],"line":13},"1":{"loc":{"start":{"line":16,"column":2},"end":{"line":26,"column":3}},"type":"switch","locations":[{"start":{"line":17,"column":4},"end":{"line":23,"column":5}},{"start":{"line":24,"column":4},"end":{"line":25,"column":19}}],"line":16}},"s":{"0":2,"1":5,"2":1,"3":1,"4":4},"f":{"0":5},"b":{"0":[3],"1":[1,4]},"_coverageSchema":"43e27e138ebf9cfc5966b082cf9a028302ed4184","hash":"3bf6e9175073c016bb27f3ada580814ba097ad8b"}
,"C:\\Users\\maria.bohorquez\\Documents\\ADN\\gui-restaurant-app\\react-redux\\src\\app\\feature\\Cart\\CartRouter.tsx": {"path":"C:\\Users\\maria.bohorquez\\Documents\\ADN\\gui-restaurant-app\\react-redux\\src\\app\\feature\\Cart\\CartRouter.tsx","statementMap":{"0":{"start":{"line":5,"column":17},"end":{"line":5,"column":57}},"1":{"start":{"line":5,"column":34},"end":{"line":5,"column":56}},"2":{"start":{"line":7,"column":26},"end":{"line":13,"column":1}},"3":{"start":{"line":8,"column":2},"end":{"line":12,"column":19}}},"fnMap":{"0":{"name":"(anonymous_0)","decl":{"start":{"line":5,"column":28},"end":{"line":5,"column":29}},"loc":{"start":{"line":5,"column":34},"end":{"line":5,"column":56}},"line":5},"1":{"name":"(anonymous_1)","decl":{"start":{"line":7,"column":26},"end":{"line":7,"column":27}},"loc":{"start":{"line":8,"column":2},"end":{"line":12,"column":19}},"line":8}},"branchMap":{},"s":{"0":1,"1":0,"2":1,"3":0},"f":{"0":0,"1":0},"b":{},"_coverageSchema":"43e27e138ebf9cfc5966b082cf9a028302ed4184","hash":"6fb225b44b097f47137aaf2d5d93c221e74e31a0"}
,"C:\\Users\\maria.bohorquez\\Documents\\ADN\\gui-restaurant-app\\react-redux\\src\\app\\feature\\Cart\\components\\CartProduct\\index.tsx": {"path":"C:\\Users\\maria.bohorquez\\Documents\\ADN\\gui-restaurant-app\\react-redux\\src\\app\\feature\\Cart\\components\\CartProduct\\index.tsx","statementMap":{"0":{"start":{"line":13,"column":48},"end":{"line":74,"column":1}},"1":{"start":{"line":19,"column":40},"end":{"line":24,"column":4}},"2":{"start":{"line":26,"column":2},"end":{"line":38,"column":9}},"3":{"start":{"line":28,"column":6},"end":{"line":29,"column":76}},"4":{"start":{"line":29,"column":39},"end":{"line":29,"column":72}},"5":{"start":{"line":31,"column":4},"end":{"line":37,"column":9}},"6":{"start":{"line":40,"column":2},"end":{"line":73,"column":4}},"7":{"start":{"line":62,"column":45},"end":{"line":62,"column":91}},"8":{"start":{"line":65,"column":45},"end":{"line":65,"column":92}},"9":{"start":{"line":76,"column":0},"end":{"line":85,"column":2}}},"fnMap":{"0":{"name":"(anonymous_0)","decl":{"start":{"line":13,"column":48},"end":{"line":13,"column":49}},"loc":{"start":{"line":18,"column":6},"end":{"line":74,"column":1}},"line":18},"1":{"name":"(anonymous_1)","decl":{"start":{"line":26,"column":18},"end":{"line":26,"column":19}},"loc":{"start":{"line":26,"column":24},"end":{"line":38,"column":3}},"line":26},"2":{"name":"(anonymous_2)","decl":{"start":{"line":29,"column":29},"end":{"line":29,"column":30}},"loc":{"start":{"line":29,"column":39},"end":{"line":29,"column":72}},"line":29},"3":{"name":"(anonymous_3)","decl":{"start":{"line":62,"column":40},"end":{"line":62,"column":41}},"loc":{"start":{"line":62,"column":45},"end":{"line":62,"column":91}},"line":62},"4":{"name":"(anonymous_4)","decl":{"start":{"line":65,"column":40},"end":{"line":65,"column":41}},"loc":{"start":{"line":65,"column":45},"end":{"line":65,"column":92}},"line":65}},"branchMap":{"0":{"loc":{"start":{"line":28,"column":6},"end":{"line":29,"column":76}},"type":"binary-expr","locations":[{"start":{"line":28,"column":6},"end":{"line":28,"column":21}},{"start":{"line":29,"column":6},"end":{"line":29,"column":76}}],"line":28},"1":{"loc":{"start":{"line":31,"column":4},"end":{"line":37,"column":8}},"type":"binary-expr","locations":[{"start":{"line":31,"column":4},"end":{"line":31,"column":17}},{"start":{"line":32,"column":6},"end":{"line":37,"column":8}}],"line":31}},"s":{"0":0,"1":0,"2":0,"3":0,"4":0,"5":0,"6":0,"7":0,"8":0,"9":0},"f":{"0":0,"1":0,"2":0,"3":0,"4":0},"b":{"0":[0,0],"1":[0,0]},"hash":"dd49d7d2ed0165d6e31487f2c0d34feb70a1fab3"}
,"C:\\Users\\maria.bohorquez\\Documents\\ADN\\gui-restaurant-app\\react-redux\\src\\app\\feature\\Cart\\components\\ClientForm\\index.tsx": {"path":"C:\\Users\\maria.bohorquez\\Documents\\ADN\\gui-restaurant-app\\react-redux\\src\\app\\feature\\Cart\\components\\ClientForm\\index.tsx","statementMap":{"0":{"start":{"line":13,"column":25},"end":{"line":23,"column":2}},"1":{"start":{"line":25,"column":46},"end":{"line":116,"column":1}},"2":{"start":{"line":31,"column":2},"end":{"line":115,"column":4}},"3":{"start":{"line":41,"column":12},"end":{"line":110,"column":19}},"4":{"start":{"line":118,"column":0},"end":{"line":127,"column":2}}},"fnMap":{"0":{"name":"(anonymous_0)","decl":{"start":{"line":25,"column":46},"end":{"line":25,"column":47}},"loc":{"start":{"line":29,"column":6},"end":{"line":116,"column":1}},"line":29},"1":{"name":"(anonymous_1)","decl":{"start":{"line":40,"column":11},"end":{"line":40,"column":12}},"loc":{"start":{"line":41,"column":12},"end":{"line":110,"column":19}},"line":41}},"branchMap":{"0":{"loc":{"start":{"line":53,"column":19},"end":{"line":55,"column":26}},"type":"cond-expr","locations":[{"start":{"line":54,"column":20},"end":{"line":54,"column":74}},{"start":{"line":55,"column":22},"end":{"line":55,"column":26}}],"line":53},"1":{"loc":{"start":{"line":53,"column":19},"end":{"line":53,"column":50}},"type":"binary-expr","locations":[{"start":{"line":53,"column":19},"end":{"line":53,"column":32}},{"start":{"line":53,"column":36},"end":{"line":53,"column":50}}],"line":53},"2":{"loc":{"start":{"line":70,"column":19},"end":{"line":74,"column":26}},"type":"cond-expr","locations":[{"start":{"line":71,"column":20},"end":{"line":73,"column":28}},{"start":{"line":74,"column":22},"end":{"line":74,"column":26}}],"line":70},"3":{"loc":{"start":{"line":70,"column":19},"end":{"line":70,"column":66}},"type":"binary-expr","locations":[{"start":{"line":70,"column":19},"end":{"line":70,"column":40}},{"start":{"line":70,"column":44},"end":{"line":70,"column":66}}],"line":70},"4":{"loc":{"start":{"line":86,"column":19},"end":{"line":88,"column":26}},"type":"cond-expr","locations":[{"start":{"line":87,"column":20},"end":{"line":87,"column":73}},{"start":{"line":88,"column":22},"end":{"line":88,"column":26}}],"line":86},"5":{"loc":{"start":{"line":86,"column":19},"end":{"line":86,"column":48}},"type":"binary-expr","locations":[{"start":{"line":86,"column":19},"end":{"line":86,"column":31}},{"start":{"line":86,"column":35},"end":{"line":86,"column":48}}],"line":86},"6":{"loc":{"start":{"line":100,"column":19},"end":{"line":102,"column":26}},"type":"cond-expr","locations":[{"start":{"line":101,"column":20},"end":{"line":101,"column":76}},{"start":{"line":102,"column":22},"end":{"line":102,"column":26}}],"line":100},"7":{"loc":{"start":{"line":100,"column":19},"end":{"line":100,"column":54}},"type":"binary-expr","locations":[{"start":{"line":100,"column":19},"end":{"line":100,"column":34}},{"start":{"line":100,"column":38},"end":{"line":100,"column":54}}],"line":100}},"s":{"0":0,"1":0,"2":0,"3":0,"4":0},"f":{"0":0,"1":0},"b":{"0":[0,0],"1":[0,0],"2":[0,0],"3":[0,0],"4":[0,0],"5":[0,0],"6":[0,0],"7":[0,0]},"hash":"1578a451b0263f76c2be6afc196dfa222da84bfc"}
,"C:\\Users\\maria.bohorquez\\Documents\\ADN\\gui-restaurant-app\\react-redux\\src\\app\\feature\\Cart\\components\\ListProducts\\index.tsx": {"path":"C:\\Users\\maria.bohorquez\\Documents\\ADN\\gui-restaurant-app\\react-redux\\src\\app\\feature\\Cart\\components\\ListProducts\\index.tsx","statementMap":{"0":{"start":{"line":13,"column":44},"end":{"line":58,"column":1}},"1":{"start":{"line":19,"column":2},"end":{"line":57,"column":4}},"2":{"start":{"line":45,"column":10},"end":{"line":53,"column":12}},"3":{"start":{"line":60,"column":0},"end":{"line":65,"column":2}}},"fnMap":{"0":{"name":"(anonymous_0)","decl":{"start":{"line":13,"column":44},"end":{"line":13,"column":45}},"loc":{"start":{"line":18,"column":6},"end":{"line":58,"column":1}},"line":18},"1":{"name":"(anonymous_1)","decl":{"start":{"line":44,"column":26},"end":{"line":44,"column":27}},"loc":{"start":{"line":44,"column":36},"end":{"line":54,"column":9}},"line":44}},"branchMap":{},"s":{"0":0,"1":0,"2":0,"3":0},"f":{"0":0,"1":0},"b":{},"hash":"613e066b083fdd5158e964027e3b2a0cc673594c"}
,"C:\\Users\\maria.bohorquez\\Documents\\ADN\\gui-restaurant-app\\react-redux\\src\\app\\feature\\Cart\\containers\\Order\\index.tsx": {"path":"C:\\Users\\maria.bohorquez\\Documents\\ADN\\gui-restaurant-app\\react-redux\\src\\app\\feature\\Cart\\containers\\Order\\index.tsx","statementMap":{"0":{"start":{"line":32,"column":22},"end":{"line":37,"column":1}},"1":{"start":{"line":39,"column":41},"end":{"line":232,"column":1}},"2":{"start":{"line":57,"column":26},"end":{"line":57,"column":63}},"3":{"start":{"line":59,"column":18},"end":{"line":59,"column":30}},"4":{"start":{"line":61,"column":22},"end":{"line":82,"column":3}},"5":{"start":{"line":62,"column":4},"end":{"line":65,"column":5}},"6":{"start":{"line":63,"column":6},"end":{"line":63,"column":54}},"7":{"start":{"line":64,"column":6},"end":{"line":64,"column":13}},"8":{"start":{"line":67,"column":4},"end":{"line":81,"column":5}},"9":{"start":{"line":68,"column":21},"end":{"line":70,"column":78}},"10":{"start":{"line":69,"column":23},"end":{"line":69,"column":50}},"11":{"start":{"line":70,"column":49},"end":{"line":70,"column":77}},"12":{"start":{"line":71,"column":6},"end":{"line":77,"column":8}},"13":{"start":{"line":78,"column":6},"end":{"line":78,"column":46}},"14":{"start":{"line":79,"column":6},"end":{"line":79,"column":31}},"15":{"start":{"line":80,"column":6},"end":{"line":80,"column":19}},"16":{"start":{"line":84,"column":27},"end":{"line":86,"column":3}},"17":{"start":{"line":85,"column":4},"end":{"line":85,"column":35}},"18":{"start":{"line":88,"column":23},"end":{"line":100,"column":3}},"19":{"start":{"line":89,"column":14},"end":{"line":96,"column":5}},"20":{"start":{"line":97,"column":4},"end":{"line":99,"column":5}},"21":{"start":{"line":98,"column":6},"end":{"line":98,"column":47}},"22":{"start":{"line":102,"column":21},"end":{"line":129,"column":3}},"23":{"start":{"line":103,"column":4},"end":{"line":103,"column":77}},"24":{"start":{"line":104,"column":4},"end":{"line":104,"column":43}},"25":{"start":{"line":104,"column":25},"end":{"line":104,"column":43}},"26":{"start":{"line":107,"column":6},"end":{"line":107,"column":73}},"27":{"start":{"line":107,"column":52},"end":{"line":107,"column":72}},"28":{"start":{"line":108,"column":27},"end":{"line":108,"column":28}},"29":{"start":{"line":109,"column":4},"end":{"line":111,"column":5}},"30":{"start":{"line":110,"column":6},"end":{"line":110,"column":51}},"31":{"start":{"line":115,"column":6},"end":{"line":115,"column":73}},"32":{"start":{"line":115,"column":52},"end":{"line":115,"column":72}},"33":{"start":{"line":116,"column":32},"end":{"line":120,"column":5}},"34":{"start":{"line":121,"column":4},"end":{"line":125,"column":5}},"35":{"start":{"line":122,"column":6},"end":{"line":122,"column":31}},"36":{"start":{"line":124,"column":6},"end":{"line":124,"column":21}},"37":{"start":{"line":126,"column":4},"end":{"line":128,"column":5}},"38":{"start":{"line":127,"column":6},"end":{"line":127,"column":25}},"39":{"start":{"line":131,"column":22},"end":{"line":163,"column":3}},"40":{"start":{"line":132,"column":4},"end":{"line":132,"column":45}},"41":{"start":{"line":132,"column":26},"end":{"line":132,"column":45}},"42":{"start":{"line":135,"column":6},"end":{"line":135,"column":57}},"43":{"start":{"line":135,"column":36},"end":{"line":135,"column":56}},"44":{"start":{"line":136,"column":27},"end":{"line":136,"column":28}},"45":{"start":{"line":137,"column":4},"end":{"line":139,"column":5}},"46":{"start":{"line":138,"column":6},"end":{"line":138,"column":51}},"47":{"start":{"line":143,"column":4},"end":{"line":159,"column":5}},"48":{"start":{"line":144,"column":6},"end":{"line":145,"column":60}},"49":{"start":{"line":145,"column":38},"end":{"line":145,"column":58}},"50":{"start":{"line":147,"column":6},"end":{"line":148,"column":60}},"51":{"start":{"line":148,"column":38},"end":{"line":148,"column":58}},"52":{"start":{"line":149,"column":34},"end":{"line":153,"column":7}},"53":{"start":{"line":154,"column":6},"end":{"line":158,"column":7}},"54":{"start":{"line":155,"column":8},"end":{"line":155,"column":33}},"55":{"start":{"line":157,"column":8},"end":{"line":157,"column":23}},"56":{"start":{"line":160,"column":4},"end":{"line":162,"column":5}},"57":{"start":{"line":161,"column":6},"end":{"line":161,"column":25}},"58":{"start":{"line":165,"column":21},"end":{"line":170,"column":3}},"59":{"start":{"line":166,"column":14},"end":{"line":166,"column":36}},"60":{"start":{"line":167,"column":4},"end":{"line":167,"column":19}},"61":{"start":{"line":168,"column":4},"end":{"line":168,"column":25}},"62":{"start":{"line":169,"column":4},"end":{"line":169,"column":19}},"63":{"start":{"line":172,"column":2},"end":{"line":231,"column":4}},"64":{"start":{"line":234,"column":0},"end":{"line":275,"column":2}}},"fnMap":{"0":{"name":"(anonymous_0)","decl":{"start":{"line":39,"column":41},"end":{"line":39,"column":42}},"loc":{"start":{"line":56,"column":6},"end":{"line":232,"column":1}},"line":56},"1":{"name":"(anonymous_1)","decl":{"start":{"line":61,"column":22},"end":{"line":61,"column":23}},"loc":{"start":{"line":61,"column":28},"end":{"line":82,"column":3}},"line":61},"2":{"name":"(anonymous_2)","decl":{"start":{"line":69,"column":13},"end":{"line":69,"column":14}},"loc":{"start":{"line":69,"column":23},"end":{"line":69,"column":50}},"line":69},"3":{"name":"(anonymous_3)","decl":{"start":{"line":70,"column":16},"end":{"line":70,"column":17}},"loc":{"start":{"line":70,"column":49},"end":{"line":70,"column":77}},"line":70},"4":{"name":"(anonymous_4)","decl":{"start":{"line":84,"column":27},"end":{"line":84,"column":28}},"loc":{"start":{"line":84,"column":69},"end":{"line":86,"column":3}},"line":84},"5":{"name":"(anonymous_5)","decl":{"start":{"line":88,"column":23},"end":{"line":88,"column":24}},"loc":{"start":{"line":88,"column":44},"end":{"line":100,"column":3}},"line":88},"6":{"name":"(anonymous_6)","decl":{"start":{"line":102,"column":21},"end":{"line":102,"column":22}},"loc":{"start":{"line":102,"column":52},"end":{"line":129,"column":3}},"line":102},"7":{"name":"(anonymous_7)","decl":{"start":{"line":107,"column":42},"end":{"line":107,"column":43}},"loc":{"start":{"line":107,"column":52},"end":{"line":107,"column":72}},"line":107},"8":{"name":"(anonymous_8)","decl":{"start":{"line":115,"column":42},"end":{"line":115,"column":43}},"loc":{"start":{"line":115,"column":52},"end":{"line":115,"column":72}},"line":115},"9":{"name":"(anonymous_9)","decl":{"start":{"line":131,"column":22},"end":{"line":131,"column":23}},"loc":{"start":{"line":131,"column":53},"end":{"line":163,"column":3}},"line":131},"10":{"name":"(anonymous_10)","decl":{"start":{"line":135,"column":26},"end":{"line":135,"column":27}},"loc":{"start":{"line":135,"column":36},"end":{"line":135,"column":56}},"line":135},"11":{"name":"(anonymous_11)","decl":{"start":{"line":145,"column":28},"end":{"line":145,"column":29}},"loc":{"start":{"line":145,"column":38},"end":{"line":145,"column":58}},"line":145},"12":{"name":"(anonymous_12)","decl":{"start":{"line":148,"column":28},"end":{"line":148,"column":29}},"loc":{"start":{"line":148,"column":38},"end":{"line":148,"column":58}},"line":148},"13":{"name":"(anonymous_13)","decl":{"start":{"line":165,"column":21},"end":{"line":165,"column":22}},"loc":{"start":{"line":165,"column":27},"end":{"line":170,"column":3}},"line":165}},"branchMap":{"0":{"loc":{"start":{"line":62,"column":4},"end":{"line":65,"column":5}},"type":"if","locations":[{"start":{"line":62,"column":4},"end":{"line":65,"column":5}},{"start":{"line":62,"column":4},"end":{"line":65,"column":5}}],"line":62},"1":{"loc":{"start":{"line":67,"column":4},"end":{"line":81,"column":5}},"type":"if","locations":[{"start":{"line":67,"column":4},"end":{"line":81,"column":5}},{"start":{"line":67,"column":4},"end":{"line":81,"column":5}}],"line":67},"2":{"loc":{"start":{"line":97,"column":4},"end":{"line":99,"column":5}},"type":"if","locations":[{"start":{"line":97,"column":4},"end":{"line":99,"column":5}},{"start":{"line":97,"column":4},"end":{"line":99,"column":5}}],"line":97},"3":{"loc":{"start":{"line":104,"column":4},"end":{"line":104,"column":43}},"type":"if","locations":[{"start":{"line":104,"column":4},"end":{"line":104,"column":43}},{"start":{"line":104,"column":4},"end":{"line":104,"column":43}}],"line":104},"4":{"loc":{"start":{"line":107,"column":6},"end":{"line":107,"column":73}},"type":"binary-expr","locations":[{"start":{"line":107,"column":6},"end":{"line":107,"column":18}},{"start":{"line":107,"column":22},"end":{"line":107,"column":73}}],"line":107},"5":{"loc":{"start":{"line":109,"column":4},"end":{"line":111,"column":5}},"type":"if","locations":[{"start":{"line":109,"column":4},"end":{"line":111,"column":5}},{"start":{"line":109,"column":4},"end":{"line":111,"column":5}}],"line":109},"6":{"loc":{"start":{"line":110,"column":17},"end":{"line":110,"column":50}},"type":"binary-expr","locations":[{"start":{"line":110,"column":17},"end":{"line":110,"column":25}},{"start":{"line":110,"column":29},"end":{"line":110,"column":50}}],"line":110},"7":{"loc":{"start":{"line":115,"column":6},"end":{"line":115,"column":73}},"type":"binary-expr","locations":[{"start":{"line":115,"column":6},"end":{"line":115,"column":18}},{"start":{"line":115,"column":22},"end":{"line":115,"column":73}}],"line":115},"8":{"loc":{"start":{"line":121,"column":4},"end":{"line":125,"column":5}},"type":"if","locations":[{"start":{"line":121,"column":4},"end":{"line":125,"column":5}},{"start":{"line":121,"column":4},"end":{"line":125,"column":5}}],"line":121},"9":{"loc":{"start":{"line":121,"column":8},"end":{"line":121,"column":33}},"type":"binary-expr","locations":[{"start":{"line":121,"column":8},"end":{"line":121,"column":13}},{"start":{"line":121,"column":17},"end":{"line":121,"column":33}}],"line":121},"10":{"loc":{"start":{"line":126,"column":4},"end":{"line":128,"column":5}},"type":"if","locations":[{"start":{"line":126,"column":4},"end":{"line":128,"column":5}},{"start":{"line":126,"column":4},"end":{"line":128,"column":5}}],"line":126},"11":{"loc":{"start":{"line":132,"column":4},"end":{"line":132,"column":45}},"type":"if","locations":[{"start":{"line":132,"column":4},"end":{"line":132,"column":45}},{"start":{"line":132,"column":4},"end":{"line":132,"column":45}}],"line":132},"12":{"loc":{"start":{"line":137,"column":4},"end":{"line":139,"column":5}},"type":"if","locations":[{"start":{"line":137,"column":4},"end":{"line":139,"column":5}},{"start":{"line":137,"column":4},"end":{"line":139,"column":5}}],"line":137},"13":{"loc":{"start":{"line":138,"column":17},"end":{"line":138,"column":50}},"type":"binary-expr","locations":[{"start":{"line":138,"column":17},"end":{"line":138,"column":25}},{"start":{"line":138,"column":29},"end":{"line":138,"column":50}}],"line":138},"14":{"loc":{"start":{"line":143,"column":4},"end":{"line":159,"column":5}},"type":"if","locations":[{"start":{"line":143,"column":4},"end":{"line":159,"column":5}},{"start":{"line":143,"column":4},"end":{"line":159,"column":5}}],"line":143},"15":{"loc":{"start":{"line":143,"column":8},"end":{"line":143,"column":44}},"type":"binary-expr","locations":[{"start":{"line":143,"column":8},"end":{"line":143,"column":26}},{"start":{"line":143,"column":30},"end":{"line":143,"column":44}}],"line":143},"16":{"loc":{"start":{"line":154,"column":6},"end":{"line":158,"column":7}},"type":"if","locations":[{"start":{"line":154,"column":6},"end":{"line":158,"column":7}},{"start":{"line":154,"column":6},"end":{"line":158,"column":7}}],"line":154},"17":{"loc":{"start":{"line":160,"column":4},"end":{"line":162,"column":5}},"type":"if","locations":[{"start":{"line":160,"column":4},"end":{"line":162,"column":5}},{"start":{"line":160,"column":4},"end":{"line":162,"column":5}}],"line":160},"18":{"loc":{"start":{"line":178,"column":9},"end":{"line":228,"column":9}},"type":"cond-expr","locations":[{"start":{"line":179,"column":10},"end":{"line":225,"column":16}},{"start":{"line":227,"column":10},"end":{"line":227,"column":59}}],"line":178},"19":{"loc":{"start":{"line":189,"column":13},"end":{"line":197,"column":13}},"type":"cond-expr","locations":[{"start":{"line":190,"column":14},"end":{"line":190,"column":77}},{"start":{"line":192,"column":14},"end":{"line":196,"column":16}}],"line":189}},"s":{"0":0,"1":0,"2":0,"3":0,"4":0,"5":0,"6":0,"7":0,"8":0,"9":0,"10":0,"11":0,"12":0,"13":0,"14":0,"15":0,"16":0,"17":0,"18":0,"19":0,"20":0,"21":0,"22":0,"23":0,"24":0,"25":0,"26":0,"27":0,"28":0,"29":0,"30":0,"31":0,"32":0,"33":0,"34":0,"35":0,"36":0,"37":0,"38":0,"39":0,"40":0,"41":0,"42":0,"43":0,"44":0,"45":0,"46":0,"47":0,"48":0,"49":0,"50":0,"51":0,"52":0,"53":0,"54":0,"55":0,"56":0,"57":0,"58":0,"59":0,"60":0,"61":0,"62":0,"63":0,"64":0},"f":{"0":0,"1":0,"2":0,"3":0,"4":0,"5":0,"6":0,"7":0,"8":0,"9":0,"10":0,"11":0,"12":0,"13":0},"b":{"0":[0,0],"1":[0,0],"2":[0,0],"3":[0,0],"4":[0,0],"5":[0,0],"6":[0,0],"7":[0,0],"8":[0,0],"9":[0,0],"10":[0,0],"11":[0,0],"12":[0,0],"13":[0,0],"14":[0,0],"15":[0,0],"16":[0,0],"17":[0,0],"18":[0,0],"19":[0,0]},"hash":"72f3ef615376ea0eab78b5e3308ed3f753dd3166"}
,"C:\\Users\\maria.bohorquez\\Documents\\ADN\\gui-restaurant-app\\react-redux\\src\\app\\feature\\Cart\\hoc\\ManageCart.tsx": {"path":"C:\\Users\\maria.bohorquez\\Documents\\ADN\\gui-restaurant-app\\react-redux\\src\\app\\feature\\Cart\\hoc\\ManageCart.tsx","statementMap":{"0":{"start":{"line":19,"column":24},"end":{"line":29,"column":1}},"1":{"start":{"line":20,"column":2},"end":{"line":28,"column":4}},"2":{"start":{"line":31,"column":26},"end":{"line":41,"column":8}}},"fnMap":{"0":{"name":"(anonymous_0)","decl":{"start":{"line":19,"column":24},"end":{"line":19,"column":25}},"loc":{"start":{"line":19,"column":43},"end":{"line":29,"column":1}},"line":19}},"branchMap":{},"s":{"0":0,"1":0,"2":0},"f":{"0":0},"b":{},"hash":"576887c27a8f497fbf3359d0d4d1554aea86e93e"}
,"C:\\Users\\maria.bohorquez\\Documents\\ADN\\gui-restaurant-app\\react-redux\\src\\app\\feature\\Cart\\models\\Cart.ts": {"path":"C:\\Users\\maria.bohorquez\\Documents\\ADN\\gui-restaurant-app\\react-redux\\src\\app\\feature\\Cart\\models\\Cart.ts","statementMap":{},"fnMap":{},"branchMap":{},"s":{},"f":{},"b":{},"hash":"b7a9098b485644c8b4635abd1bf99a6d78991887"}
,"C:\\Users\\maria.bohorquez\\Documents\\ADN\\gui-restaurant-app\\react-redux\\src\\app\\feature\\Cart\\pages\\Cart.tsx": {"path":"C:\\Users\\maria.bohorquez\\Documents\\ADN\\gui-restaurant-app\\react-redux\\src\\app\\feature\\Cart\\pages\\Cart.tsx","statementMap":{"0":{"start":{"line":6,"column":48},"end":{"line":10,"column":1}},"1":{"start":{"line":7,"column":2},"end":{"line":9,"column":11}},"2":{"start":{"line":12,"column":0},"end":{"line":12,"column":34}}},"fnMap":{"0":{"name":"(anonymous_0)","decl":{"start":{"line":6,"column":48},"end":{"line":6,"column":49}},"loc":{"start":{"line":7,"column":2},"end":{"line":9,"column":11}},"line":7}},"branchMap":{},"s":{"0":0,"1":0,"2":0},"f":{"0":0},"b":{},"hash":"d44f289bebd0e56b34fa9e5a9ed0bb00590159c5"}
,"C:\\Users\\maria.bohorquez\\Documents\\ADN\\gui-restaurant-app\\react-redux\\src\\app\\feature\\Home\\HomeRouter.tsx": {"path":"C:\\Users\\maria.bohorquez\\Documents\\ADN\\gui-restaurant-app\\react-redux\\src\\app\\feature\\Home\\HomeRouter.tsx","statementMap":{"0":{"start":{"line":5,"column":21},"end":{"line":5,"column":61}},"1":{"start":{"line":5,"column":38},"end":{"line":5,"column":60}},"2":{"start":{"line":7,"column":26},"end":{"line":13,"column":1}},"3":{"start":{"line":8,"column":2},"end":{"line":12,"column":19}}},"fnMap":{"0":{"name":"(anonymous_0)","decl":{"start":{"line":5,"column":32},"end":{"line":5,"column":33}},"loc":{"start":{"line":5,"column":38},"end":{"line":5,"column":60}},"line":5},"1":{"name":"(anonymous_1)","decl":{"start":{"line":7,"column":26},"end":{"line":7,"column":27}},"loc":{"start":{"line":8,"column":2},"end":{"line":12,"column":19}},"line":8}},"branchMap":{},"s":{"0":1,"1":0,"2":1,"3":0},"f":{"0":0,"1":0},"b":{},"_coverageSchema":"43e27e138ebf9cfc5966b082cf9a028302ed4184","hash":"ae30a2789352bbac1dcb40725f75805b459d7b5c"}
,"C:\\Users\\maria.bohorquez\\Documents\\ADN\\gui-restaurant-app\\react-redux\\src\\app\\feature\\Home\\components\\FindProducts\\index.tsx": {"path":"C:\\Users\\maria.bohorquez\\Documents\\ADN\\gui-restaurant-app\\react-redux\\src\\app\\feature\\Home\\components\\FindProducts\\index.tsx","statementMap":{"0":{"start":{"line":10,"column":22},"end":{"line":14,"column":1}},"1":{"start":{"line":16,"column":25},"end":{"line":20,"column":2}},"2":{"start":{"line":22,"column":50},"end":{"line":99,"column":1}},"3":{"start":{"line":23,"column":2},"end":{"line":98,"column":4}},"4":{"start":{"line":32,"column":12},"end":{"line":93,"column":19}},"5":{"start":{"line":58,"column":37},"end":{"line":58,"column":78}},"6":{"start":{"line":101,"column":0},"end":{"line":103,"column":2}}},"fnMap":{"0":{"name":"(anonymous_0)","decl":{"start":{"line":22,"column":50},"end":{"line":22,"column":51}},"loc":{"start":{"line":22,"column":72},"end":{"line":99,"column":1}},"line":22},"1":{"name":"(anonymous_1)","decl":{"start":{"line":31,"column":11},"end":{"line":31,"column":12}},"loc":{"start":{"line":32,"column":12},"end":{"line":93,"column":19}},"line":32},"2":{"name":"(anonymous_2)","decl":{"start":{"line":58,"column":30},"end":{"line":58,"column":31}},"loc":{"start":{"line":58,"column":37},"end":{"line":58,"column":78}},"line":58}},"branchMap":{"0":{"loc":{"start":{"line":47,"column":19},"end":{"line":49,"column":26}},"type":"cond-expr","locations":[{"start":{"line":48,"column":20},"end":{"line":48,"column":79}},{"start":{"line":49,"column":22},"end":{"line":49,"column":26}}],"line":47},"1":{"loc":{"start":{"line":47,"column":19},"end":{"line":47,"column":60}},"type":"binary-expr","locations":[{"start":{"line":47,"column":19},"end":{"line":47,"column":37}},{"start":{"line":47,"column":41},"end":{"line":47,"column":60}}],"line":47},"2":{"loc":{"start":{"line":68,"column":19},"end":{"line":70,"column":26}},"type":"cond-expr","locations":[{"start":{"line":69,"column":20},"end":{"line":69,"column":76}},{"start":{"line":70,"column":22},"end":{"line":70,"column":26}}],"line":68},"3":{"loc":{"start":{"line":68,"column":19},"end":{"line":68,"column":54}},"type":"binary-expr","locations":[{"start":{"line":68,"column":19},"end":{"line":68,"column":34}},{"start":{"line":68,"column":38},"end":{"line":68,"column":54}}],"line":68},"4":{"loc":{"start":{"line":83,"column":19},"end":{"line":85,"column":26}},"type":"cond-expr","locations":[{"start":{"line":84,"column":20},"end":{"line":84,"column":73}},{"start":{"line":85,"column":22},"end":{"line":85,"column":26}}],"line":83},"5":{"loc":{"start":{"line":83,"column":19},"end":{"line":83,"column":48}},"type":"binary-expr","locations":[{"start":{"line":83,"column":19},"end":{"line":83,"column":31}},{"start":{"line":83,"column":35},"end":{"line":83,"column":48}}],"line":83}},"s":{"0":0,"1":0,"2":0,"3":0,"4":0,"5":0,"6":0},"f":{"0":0,"1":0,"2":0},"b":{"0":[0,0],"1":[0,0],"2":[0,0],"3":[0,0],"4":[0,0],"5":[0,0]},"hash":"df3b27cebb32afa66cea29eb6f1d8b715434d711"}
,"C:\\Users\\maria.bohorquez\\Documents\\ADN\\gui-restaurant-app\\react-redux\\src\\app\\feature\\Home\\components\\Ranking\\index.tsx": {"path":"C:\\Users\\maria.bohorquez\\Documents\\ADN\\gui-restaurant-app\\react-redux\\src\\app\\feature\\Home\\components\\Ranking\\index.tsx","statementMap":{"0":{"start":{"line":10,"column":56},"end":{"line":43,"column":1}},"1":{"start":{"line":11,"column":2},"end":{"line":42,"column":4}},"2":{"start":{"line":28,"column":16},"end":{"line":36,"column":18}},"3":{"start":{"line":45,"column":0},"end":{"line":47,"column":2}}},"fnMap":{"0":{"name":"(anonymous_0)","decl":{"start":{"line":10,"column":56},"end":{"line":10,"column":57}},"loc":{"start":{"line":10,"column":77},"end":{"line":43,"column":1}},"line":10},"1":{"name":"(anonymous_1)","decl":{"start":{"line":27,"column":30},"end":{"line":27,"column":31}},"loc":{"start":{"line":27,"column":47},"end":{"line":37,"column":15}},"line":27}},"branchMap":{"0":{"loc":{"start":{"line":25,"column":13},"end":{"line":37,"column":16}},"type":"binary-expr","locations":[{"start":{"line":25,"column":13},"end":{"line":25,"column":24}},{"start":{"line":26,"column":14},"end":{"line":26,"column":36}},{"start":{"line":27,"column":14},"end":{"line":37,"column":16}}],"line":25}},"s":{"0":0,"1":0,"2":0,"3":0},"f":{"0":0,"1":0},"b":{"0":[0,0,0]},"hash":"2f4c2b619c53e5d6d6ef3ba1dbbee541527203a9"}
[...]
,"C:\\Users\\maria.bohorquez\\Documents\\ADN\\gui-restaurant-app\\react-redux\\src\\app\\shared\\components\\Layout\\index.tsx": {"path":"C:\\Users\\maria.bohorquez\\Documents\\ADN\\gui-restaurant-app\\react-redux\\src\\app\\shared\\components\\Layout\\index.tsx","statementMap":{"0":{"start":{"line":11,"column":45},"end":{"line":28,"column":1}},"1":{"start":{"line":16,"column":2},"end":{"line":27,"column":4}},"2":{"start":{"line":30,"column":0},"end":{"line":35,"column":2}}},"fnMap":{"0":{"name":"(anonymous_0)","decl":{"start":{"line":11,"column":45},"end":{"line":11,"column":46}},"loc":{"start":{"line":15,"column":6},"end":{"line":28,"column":1}},"line":15}},"branchMap":{"0":{"loc":{"start":{"line":21,"column":10},"end":{"line":21,"column":59}},"type":"binary-expr","locations":[{"start":{"line":21,"column":10},"end":{"line":21,"column":15}},{"start":{"line":21,"column":19},"end":{"line":21,"column":59}}],"line":21},"1":{"loc":{"start":{"line":23,"column":9},"end":{"line":23,"column":73}},"type":"binary-expr","locations":[{"start":{"line":23,"column":9},"end":{"line":23,"column":20}},{"start":{"line":23,"column":24},"end":{"line":23,"column":73}}],"line":23}},"s":{"0":0,"1":0,"2":0},"f":{"0":0},"b":{"0":[0,0],"1":[0,0]},"hash":"fe86b3c954d496e815be6a327c89d4a0600ec1db"}
,"C:\\Users\\maria.bohorquez\\Documents\\ADN\\gui-restaurant-app\\react-redux\\src\\app\\shared\\components\\Layout\\styles.ts": {"path":"C:\\Users\\maria.bohorquez\\Documents\\ADN\\gui-restaurant-app\\react-redux\\src\\app\\shared\\components\\Layout\\styles.ts","statementMap":{"0":{"start":{"line":3,"column":28},"end":{"line":7,"column":1}}},"fnMap":{},"branchMap":{},"s":{"0":0},"f":{},"b":{},"hash":"0ebb0b1e247faeb0ad2780032a771aa901c71507"}
,"C:\\Users\\maria.bohorquez\\Documents\\ADN\\gui-restaurant-app\\react-redux\\src\\app\\shared\\components\\LazyFallback\\index.tsx": {"path":"C:\\Users\\maria.bohorquez\\Documents\\ADN\\gui-restaurant-app\\react-redux\\src\\app\\shared\\components\\LazyFallback\\index.tsx","statementMap":{"0":{"start":{"line":4,"column":28},"end":{"line":8,"column":1}},"1":{"start":{"line":5,"column":2},"end":{"line":7,"column":8}}},"fnMap":{"0":{"name":"(anonymous_0)","decl":{"start":{"line":4,"column":28},"end":{"line":4,"column":29}},"loc":{"start":{"line":5,"column":2},"end":{"line":7,"column":8}},"line":5}},"branchMap":{},"s":{"0":1,"1":0},"f":{"0":0},"b":{},"_coverageSchema":"43e27e138ebf9cfc5966b082cf9a028302ed4184","hash":"d925b9a50d9d5a3a73a2b256092cdb0602d32aa8"}
,"C:\\Users\\maria.bohorquez\\Documents\\ADN\\gui-restaurant-app\\react-redux\\src\\app\\shared\\components\\LazyFallback\\styles.ts": {"path":"C:\\Users\\maria.bohorquez\\Documents\\ADN\\gui-restaurant-app\\react-redux\\src\\app\\shared\\components\\LazyFallback\\styles.ts","statementMap":{"0":{"start":{"line":3,"column":28},"end":{"line":6,"column":1}},"1":{"start":{"line":8,"column":19},"end":{"line":11,"column":1}}},"fnMap":{},"branchMap":{},"s":{"0":1,"1":1},"f":{},"b":{},"_coverageSchema":"43e27e138ebf9cfc5966b082cf9a028302ed4184","hash":"6d43d75d67413c387f14d7b685791e39561cd7fe"}
,"C:\\Users\\maria.bohorquez\\Documents\\ADN\\gui-restaurant-app\\react-redux\\src\\app\\shared\\components\\Link\\index.tsx": {"path":"C:\\Users\\maria.bohorquez\\Documents\\ADN\\gui-restaurant-app\\react-redux\\src\\app\\shared\\components\\Link\\index.tsx","statementMap":{"0":{"start":{"line":4,"column":20},"end":{"line":10,"column":1}}},"fnMap":{},"branchMap":{},"s":{"0":2},"f":{},"b":{},"_coverageSchema":"43e27e138ebf9cfc5966b082cf9a028302ed4184","hash":"297ea687a012d9f70bbb540f0c65bdd05000e1b5"}
,"C:\\Users\\maria.bohorquez\\Documents\\ADN\\gui-restaurant-app\\react-redux\\src\\app\\shared\\components\\NavigationHeader\\index.tsx": {"path":"C:\\Users\\maria.bohorquez\\Documents\\ADN\\gui-restaurant-app\\react-redux\\src\\app\\shared\\components\\NavigationHeader\\index.tsx","statementMap":{"0":{"start":{"line":7,"column":42},"end":{"line":20,"column":1}},"1":{"start":{"line":8,"column":17},"end":{"line":13,"column":3}},"2":{"start":{"line":14,"column":2},"end":{"line":19,"column":4}}},"fnMap":{"0":{"name":"(anonymous_0)","decl":{"start":{"line":7,"column":42},"end":{"line":7,"column":43}},"loc":{"start":{"line":7,"column":48},"end":{"line":20,"column":1}},"line":7}},"branchMap":{},"s":{"0":2,"1":0,"2":0},"f":{"0":0},"b":{},"_coverageSchema":"43e27e138ebf9cfc5966b082cf9a028302ed4184","hash":"b99e6354bc80b88e202d35c226be5f8297b06be8"}
,"C:\\Users\\maria.bohorquez\\Documents\\ADN\\gui-restaurant-app\\react-redux\\src\\app\\shared\\components\\NavigationHeader\\styles.ts": {"path":"C:\\Users\\maria.bohorquez\\Documents\\ADN\\gui-restaurant-app\\react-redux\\src\\app\\shared\\components\\NavigationHeader\\styles.ts","statementMap":{"0":{"start":{"line":3,"column":25},"end":{"line":18,"column":1}}},"fnMap":{},"branchMap":{},"s":{"0":2},"f":{},"b":{},"_coverageSchema":"43e27e138ebf9cfc5966b082cf9a028302ed4184","hash":"27f9e3e05ad271add00ed5fe643f9e5ebbfbb28b"}
,"C:\\Users\\maria.bohorquez\\Documents\\ADN\\gui-restaurant-app\\react-redux\\src\\app\\shared\\components\\NavigationHeader\\NavBrand\\index.tsx": {"path":"C:\\Users\\maria.bohorquez\\Documents\\ADN\\gui-restaurant-app\\react-redux\\src\\app\\shared\\components\\NavigationHeader\\NavBrand\\index.tsx","statementMap":{"0":{"start":{"line":11,"column":49},"end":{"line":21,"column":1}},"1":{"start":{"line":12,"column":2},"end":{"line":20,"column":13}},"2":{"start":{"line":23,"column":0},"end":{"line":26,"column":2}}},"fnMap":{"0":{"name":"(anonymous_0)","decl":{"start":{"line":11,"column":49},"end":{"line":11,"column":50}},"loc":{"start":{"line":12,"column":2},"end":{"line":20,"column":13}},"line":12}},"branchMap":{"0":{"loc":{"start":{"line":14,"column":7},"end":{"line":18,"column":7}},"type":"cond-expr","locations":[{"start":{"line":15,"column":8},"end":{"line":15,"column":51}},{"start":{"line":17,"column":8},"end":{"line":17,"column":35}}],"line":14}},"s":{"0":2,"1":0,"2":2},"f":{"0":0},"b":{"0":[0,0]},"_coverageSchema":"43e27e138ebf9cfc5966b082cf9a028302ed4184","hash":"ae7cb68843725479bd60e98a1ab42aea9fd08f7b"}
,"C:\\Users\\maria.bohorquez\\Documents\\ADN\\gui-restaurant-app\\react-redux\\src\\app\\shared\\components\\NavigationHeader\\NavBrand\\styles.ts": {"path":"C:\\Users\\maria.bohorquez\\Documents\\ADN\\gui-restaurant-app\\react-redux\\src\\app\\shared\\components\\NavigationHeader\\NavBrand\\styles.ts","statementMap":{"0":{"start":{"line":4,"column":24},"end":{"line":6,"column":1}},"1":{"start":{"line":8,"column":23},"end":{"line":11,"column":1}},"2":{"start":{"line":13,"column":24},"end":{"line":16,"column":1}},"3":{"start":{"line":18,"column":25},"end":{"line":20,"column":1}}},"fnMap":{},"branchMap":{},"s":{"0":2,"1":2,"2":2,"3":2},"f":{},"b":{},"_coverageSchema":"43e27e138ebf9cfc5966b082cf9a028302ed4184","hash":"6b91f19907b85e2ce00e3249ab1f2ec19eb206ca"}
,"C:\\Users\\maria.bohorquez\\Documents\\ADN\\gui-restaurant-app\\react-redux\\src\\app\\shared\\components\\NavigationHeader\\NavItem\\index.tsx": {"path":"C:\\Users\\maria.bohorquez\\Documents\\ADN\\gui-restaurant-app\\react-redux\\src\\app\\shared\\components\\NavigationHeader\\NavItem\\index.tsx","statementMap":{"0":{"start":{"line":14,"column":47},"end":{"line":30,"column":1}},"1":{"start":{"line":16,"column":2},"end":{"line":29,"column":4}},"2":{"start":{"line":32,"column":0},"end":{"line":36,"column":2}},"3":{"start":{"line":38,"column":24},"end":{"line":44,"column":1}},"4":{"start":{"line":39,"column":2},"end":{"line":43,"column":4}},"5":{"start":{"line":46,"column":29},"end":{"line":46,"column":62}}},"fnMap":{"0":{"name":"(anonymous_0)","decl":{"start":{"line":14,"column":47},"end":{"line":14,"column":48}},"loc":{"start":{"line":14,"column":73},"end":{"line":30,"column":1}},"line":14},"1":{"name":"(anonymous_1)","decl":{"start":{"line":38,"column":24},"end":{"line":38,"column":25}},"loc":{"start":{"line":38,"column":43},"end":{"line":44,"column":1}},"line":38}},"branchMap":{"0":{"loc":{"start":{"line":19,"column":9},"end":{"line":26,"column":9}},"type":"cond-expr","locations":[{"start":{"line":20,"column":10},"end":{"line":23,"column":16}},{"start":{"line":25,"column":10},"end":{"line":25,"column":15}}],"line":19}},"s":{"0":2,"1":0,"2":2,"3":2,"4":0,"5":2},"f":{"0":0,"1":0},"b":{"0":[0,0]},"_coverageSchema":"43e27e138ebf9cfc5966b082cf9a028302ed4184","hash":"1aceead46045e47c4b43c78a9b602b9bf1a86194"}
,"C:\\Users\\maria.bohorquez\\Documents\\ADN\\gui-restaurant-app\\react-redux\\src\\app\\shared\\components\\NavigationHeader\\NavItem\\styles.ts": {"path":"C:\\Users\\maria.bohorquez\\Documents\\ADN\\gui-restaurant-app\\react-redux\\src\\app\\shared\\components\\NavigationHeader\\NavItem\\styles.ts","statementMap":{"0":{"start":{"line":3,"column":26},"end":{"line":12,"column":1}}},"fnMap":{},"branchMap":{},"s":{"0":2},"f":{},"b":{},"_coverageSchema":"43e27e138ebf9cfc5966b082cf9a028302ed4184","hash":"59fd9ecda933878040061d223c6cd8c5c6638b58"}
,"C:\\Users\\maria.bohorquez\\Documents\\ADN\\gui-restaurant-app\\react-redux\\src\\app\\shared\\components\\NavigationHeader\\NavList\\index.tsx": {"path":"C:\\Users\\maria.bohorquez\\Documents\\ADN\\gui-restaurant-app\\react-redux\\src\\app\\shared\\components\\NavigationHeader\\NavList\\index.tsx","statementMap":{"0":{"start":{"line":10,"column":47},"end":{"line":20,"column":1}},"1":{"start":{"line":11,"column":2},"end":{"line":19,"column":4}},"2":{"start":{"line":14,"column":8},"end":{"line":16,"column":13}},"3":{"start":{"line":22,"column":0},"end":{"line":24,"column":2}}},"fnMap":{"0":{"name":"(anonymous_0)","decl":{"start":{"line":10,"column":47},"end":{"line":10,"column":48}},"loc":{"start":{"line":10,"column":62},"end":{"line":20,"column":1}},"line":10},"1":{"name":"(anonymous_1)","decl":{"start":{"line":13,"column":17},"end":{"line":13,"column":18}},"loc":{"start":{"line":14,"column":8},"end":{"line":16,"column":13}},"line":14}},"branchMap":{},"s":{"0":2,"1":0,"2":0,"3":2},"f":{"0":0,"1":0},"b":{},"_coverageSchema":"43e27e138ebf9cfc5966b082cf9a028302ed4184","hash":"c830318dfa97b81a498a41fc8000b7407ded8ee2"}
,"C:\\Users\\maria.bohorquez\\Documents\\ADN\\gui-restaurant-app\\react-redux\\src\\app\\shared\\components\\NavigationHeader\\NavList\\styles.ts": {"path":"C:\\Users\\maria.bohorquez\\Documents\\ADN\\gui-restaurant-app\\react-redux\\src\\app\\shared\\components\\NavigationHeader\\NavList\\styles.ts","statementMap":{"0":{"start":{"line":3,"column":25},"end":{"line":5,"column":1}}},"fnMap":{},"branchMap":{},"s":{"0":2},"f":{},"b":{},"_coverageSchema":"43e27e138ebf9cfc5966b082cf9a028302ed4184","hash":"873bd3076e9929120a5f0fac0216767b8d38f7c6"}
,"C:\\Users\\maria.bohorquez\\Documents\\ADN\\gui-restaurant-app\\react-redux\\src\\app\\shared\\components\\ToastError\\index.tsx": {"path":"C:\\Users\\maria.bohorquez\\Documents\\ADN\\gui-restaurant-app\\react-redux\\src\\app\\shared\\components\\ToastError\\index.tsx","statementMap":{"0":{"start":{"line":7,"column":19},"end":{"line":23,"column":1}},"1":{"start":{"line":8,"column":2},"end":{"line":22,"column":4}}},"fnMap":{"0":{"name":"(anonymous_0)","decl":{"start":{"line":7,"column":19},"end":{"line":7,"column":20}},"loc":{"start":{"line":7,"column":25},"end":{"line":23,"column":1}},"line":7}},"branchMap":{},"s":{"0":2,"1":5},"f":{"0":5},"b":{},"_coverageSchema":"43e27e138ebf9cfc5966b082cf9a028302ed4184","hash":"7f3f988270703f1de89d1cae296f50748e6c5e36"}
,"C:\\Users\\maria.bohorquez\\Documents\\ADN\\gui-restaurant-app\\react-redux\\src\\app\\shared\\components\\cardProduct\\cardProduct.tsx": {"path":"C:\\Users\\maria.bohorquez\\Documents\\ADN\\gui-restaurant-app\\react-redux\\src\\app\\shared\\components\\cardProduct\\cardProduct.tsx","statementMap":{"0":{"start":{"line":25,"column":55},"end":{"line":91,"column":1}},"1":{"start":{"line":35,"column":21},"end":{"line":62,"column":3}},"2":{"start":{"line":36,"column":4},"end":{"line":36,"column":43}},"3":{"start":{"line":36,"column":25},"end":{"line":36,"column":43}},"4":{"start":{"line":37,"column":4},"end":{"line":37,"column":77}},"5":{"start":{"line":40,"column":6},"end":{"line":40,"column":73}},"6":{"start":{"line":40,"column":52},"end":{"line":40,"column":72}},"7":{"start":{"line":41,"column":27},"end":{"line":41,"column":28}},"8":{"start":{"line":42,"column":4},"end":{"line":44,"column":5}},"9":{"start":{"line":43,"column":6},"end":{"line":43,"column":51}},"10":{"start":{"line":48,"column":6},"end":{"line":48,"column":73}},"11":{"start":{"line":48,"column":52},"end":{"line":48,"column":72}},"12":{"start":{"line":49,"column":32},"end":{"line":53,"column":5}},"13":{"start":{"line":54,"column":4},"end":{"line":58,"column":5}},"14":{"start":{"line":55,"column":6},"end":{"line":55,"column":31}},"15":{"start":{"line":57,"column":6},"end":{"line":57,"column":21}},"16":{"start":{"line":59,"column":4},"end":{"line":61,"column":5}},"17":{"start":{"line":60,"column":6},"end":{"line":60,"column":25}},"18":{"start":{"line":64,"column":2},"end":{"line":90,"column":4}},"19":{"start":{"line":93,"column":0},"end":{"line":102,"column":2}},"20":{"start":{"line":104,"column":24},"end":{"line":111,"column":1}},"21":{"start":{"line":105,"column":2},"end":{"line":110,"column":4}},"22":{"start":{"line":113,"column":33},"end":{"line":116,"column":15}}},"fnMap":{"0":{"name":"(anonymous_0)","decl":{"start":{"line":25,"column":55},"end":{"line":25,"column":56}},"loc":{"start":{"line":34,"column":6},"end":{"line":91,"column":1}},"line":34},"1":{"name":"(anonymous_1)","decl":{"start":{"line":35,"column":21},"end":{"line":35,"column":22}},"loc":{"start":{"line":35,"column":27},"end":{"line":62,"column":3}},"line":35},"2":{"name":"(anonymous_2)","decl":{"start":{"line":40,"column":42},"end":{"line":40,"column":43}},"loc":{"start":{"line":40,"column":52},"end":{"line":40,"column":72}},"line":40},"3":{"name":"(anonymous_3)","decl":{"start":{"line":48,"column":42},"end":{"line":48,"column":43}},"loc":{"start":{"line":48,"column":52},"end":{"line":48,"column":72}},"line":48},"4":{"name":"(anonymous_4)","decl":{"start":{"line":104,"column":24},"end":{"line":104,"column":25}},"loc":{"start":{"line":104,"column":43},"end":{"line":111,"column":1}},"line":104}},"branchMap":{"0":{"loc":{"start":{"line":36,"column":4},"end":{"line":36,"column":43}},"type":"if","locations":[{"start":{"line":36,"column":4},"end":{"line":36,"column":43}},{"start":{"line":36,"column":4},"end":{"line":36,"column":43}}],"line":36},"1":{"loc":{"start":{"line":40,"column":6},"end":{"line":40,"column":73}},"type":"binary-expr","locations":[{"start":{"line":40,"column":6},"end":{"line":40,"column":18}},{"start":{"line":40,"column":22},"end":{"line":40,"column":73}}],"line":40},"2":{"loc":{"start":{"line":42,"column":4},"end":{"line":44,"column":5}},"type":"if","locations":[{"start":{"line":42,"column":4},"end":{"line":44,"column":5}},{"start":{"line":42,"column":4},"end":{"line":44,"column":5}}],"line":42},"3":{"loc":{"start":{"line":42,"column":8},"end":{"line":42,"column":39}},"type":"binary-expr","locations":[{"start":{"line":42,"column":8},"end":{"line":42,"column":16}},{"start":{"line":42,"column":20},"end":{"line":42,"column":39}}],"line":42},"4":{"loc":{"start":{"line":43,"column":17},"end":{"line":43,"column":50}},"type":"binary-expr","locations":[{"start":{"line":43,"column":17},"end":{"line":43,"column":25}},{"start":{"line":43,"column":29},"end":{"line":43,"column":50}}],"line":43},"5":{"loc":{"start":{"line":48,"column":6},"end":{"line":48,"column":73}},"type":"binary-expr","locations":[{"start":{"line":48,"column":6},"end":{"line":48,"column":18}},{"start":{"line":48,"column":22},"end":{"line":48,"column":73}}],"line":48},"6":{"loc":{"start":{"line":54,"column":4},"end":{"line":58,"column":5}},"type":"if","locations":[{"start":{"line":54,"column":4},"end":{"line":58,"column":5}},{"start":{"line":54,"column":4},"end":{"line":58,"column":5}}],"line":54},"7":{"loc":{"start":{"line":54,"column":8},"end":{"line":54,"column":33}},"type":"binary-expr","locations":[{"start":{"line":54,"column":8},"end":{"line":54,"column":13}},{"start":{"line":54,"column":17},"end":{"line":54,"column":33}}],"line":54},"8":{"loc":{"start":{"line":59,"column":4},"end":{"line":61,"column":5}},"type":"if","locations":[{"start":{"line":59,"column":4},"end":{"line":61,"column":5}},{"start":{"line":59,"column":4},"end":{"line":61,"column":5}}],"line":59},"9":{"loc":{"start":{"line":74,"column":11},"end":{"line":86,"column":18}},"type":"cond-expr","locations":[{"start":{"line":75,"column":12},"end":{"line":85,"column":18}},{"start":{"line":86,"column":14},"end":{"line":86,"column":18}}],"line":74}},"s":{"0":1,"1":3,"2":0,"3":0,"4":0,"5":0,"6":0,"7":0,"8":0,"9":0,"10":0,"11":0,"12":0,"13":0,"14":0,"15":0,"16":0,"17":0,"18":3,"19":1,"20":1,"21":0,"22":1},"f":{"0":3,"1":0,"2":0,"3":0,"4":0},"b":{"0":[0,0],"1":[0,0],"2":[0,0],"3":[0,0],"4":[0,0],"5":[0,0],"6":[0,0],"7":[0,0],"8":[0,0],"9":[2,1]},"_coverageSchema":"43e27e138ebf9cfc5966b082cf9a028302ed4184","hash":"f04a979c05a5e71683f41bb63d6ce68176f20479"}
,"C:\\Users\\maria.bohorquez\\Documents\\ADN\\gui-restaurant-app\\react-redux\\src\\app\\shared\\hooks\\useInputValue.ts": {"path":"C:\\Users\\maria.bohorquez\\Documents\\ADN\\gui-restaurant-app\\react-redux\\src\\app\\shared\\hooks\\useInputValue.ts","statementMap":{"0":{"start":{"line":3,"column":29},"end":{"line":8,"column":1}},"1":{"start":{"line":4,"column":28},"end":{"line":4,"column":50}},"2":{"start":{"line":5,"column":19},"end":{"line":6,"column":28}},"3":{"start":{"line":6,"column":4},"end":{"line":6,"column":28}},"4":{"start":{"line":7,"column":2},"end":{"line":7,"column":29}}},"fnMap":{"0":{"name":"(anonymous_0)","decl":{"start":{"line":3,"column":29},"end":{"line":3,"column":30}},"loc":{"start":{"line":3,"column":55},"end":{"line":8,"column":1}},"line":3},"1":{"name":"(anonymous_1)","decl":{"start":{"line":5,"column":19},"end":{"line":5,"column":20}},"loc":{"start":{"line":6,"column":4},"end":{"line":6,"column":28}},"line":6}},"branchMap":{},"s":{"0":0,"1":0,"2":0,"3":0,"4":0},"f":{"0":0,"1":0},"b":{},"hash":"15f06cc8d8caab136db6e3a9418dfc268959040e"}
,"C:\\Users\\maria.bohorquez\\Documents\\ADN\\gui-restaurant-app\\react-redux\\src\\app\\shared\\utils\\test.ts": {"path":"C:\\Users\\maria.bohorquez\\Documents\\ADN\\gui-restaurant-app\\react-redux\\src\\app\\shared\\utils\\test.ts","statementMap":{"0":{"start":{"line":1,"column":28},"end":{"line":9,"column":2}},"1":{"start":{"line":1,"column":67},"end":{"line":9,"column":1}}},"fnMap":{"0":{"name":"(anonymous_0)","decl":{"start":{"line":1,"column":28},"end":{"line":1,"column":29}},"loc":{"start":{"line":1,"column":67},"end":{"line":9,"column":1}},"line":1},"1":{"name":"(anonymous_1)","decl":{"start":{"line":2,"column":11},"end":{"line":2,"column":12}},"loc":{"start":{"line":2,"column":17},"end":{"line":4,"column":3}},"line":2}},"branchMap":{},"s":{"0":0,"1":0},"f":{"0":0,"1":0},"b":{},"hash":"94192f66f5aa5f3d5a518a31dcd5daaa1ec1523f"}
,"C:\\Users\\maria.bohorquez\\Documents\\ADN\\gui-restaurant-app\\react-redux\\src\\app\\shared\\utils\\utils.ts": {"path":"C:\\Users\\maria.bohorquez\\Documents\\ADN\\gui-restaurant-app\\react-redux\\src\\app\\shared\\utils\\utils.ts","statementMap":{"0":{"start":{"line":1,"column":30},"end":{"line":3,"column":1}},"1":{"start":{"line":2,"column":2},"end":{"line":2,"column":72}}},"fnMap":{"0":{"name":"(anonymous_0)","decl":{"start":{"line":1,"column":30},"end":{"line":1,"column":31}},"loc":{"start":{"line":1,"column":47},"end":{"line":3,"column":1}},"line":1}},"branchMap":{},"s":{"0":2,"1":4},"f":{"0":4},"b":{},"_coverageSchema":"43e27e138ebf9cfc5966b082cf9a028302ed4184","hash":"608d4ee95c71b51e4ede991651b155833d9b4424"}
}
