TN:
SF:C:\Users\maria.bohorquez\Documents\ADN\gui-restaurant-app\react-redux\src\index.tsx
FNF:0
FNH:0
DA:7,0
DA:17,0
LF:2
LH:0
BRF:0
BRH:0
end_of_record
TN:
SF:C:\Users\maria.bohorquez\Documents\ADN\gui-restaurant-app\react-redux\src\react-app-env.d.ts
FNF:0
FNH:0
LF:0
LH:0
BRF:0
BRH:0
end_of_record
TN:
SF:C:\Users\maria.bohorquez\Documents\ADN\gui-restaurant-app\react-redux\src\app\App.tsx
FN:7,App
FNF:1
FNH:0
FNDA:0,App
DA:8,0
LF:1
LH:0
BRF:0
BRH:0
end_of_record
TN:
SF:C:\Users\maria.bohorquez\Documents\ADN\gui-restaurant-app\react-redux\src\app\AppRouter.tsx
FN:10,(anonymous_0)
FNF:1
FNH:0
FNDA:0,(anonymous_0)
DA:10,1
DA:11,0
LF:2
LH:1
BRF:0
BRH:0
end_of_record
TN:
SF:C:\Users\maria.bohorquez\Documents\ADN\gui-restaurant-app\react-redux\src\app\core\api\cart.repository.ts
FN:11,(anonymous_0)
FN:16,(anonymous_1)
FN:21,(anonymous_2)
FNF:3
FNH:0
FNDA:0,(anonymous_0)
FNDA:0,(anonymous_1)
FNDA:0,(anonymous_2)
DA:6,3
DA:11,0
DA:16,0
DA:22,0
LF:4
LH:1
BRF:0
BRH:0
end_of_record
TN:
SF:C:\Users\maria.bohorquez\Documents\ADN\gui-restaurant-app\react-redux\src\app\core\api\order.repository.ts
FN:11,(anonymous_0)
FN:16,(anonymous_1)
FN:21,(anonymous_2)
FNF:3
FNH:0
FNDA:0,(anonymous_0)
FNDA:0,(anonymous_1)
FNDA:0,(anonymous_2)
DA:6,1
DA:11,0
DA:16,0
DA:21,0
LF:4
LH:1
BRF:0
BRH:0
end_of_record
TN:
SF:C:\Users\maria.bohorquez\Documents\ADN\gui-restaurant-app\react-redux\src\app\core\api\prods.repository.ts
FN:10,(anonymous_0)
FNF:1
FNH:0
FNDA:0,(anonymous_0)
DA:5,1
DA:10,0
LF:2
LH:1
BRF:0
BRH:0
end_of_record
TN:
SF:C:\Users\maria.bohorquez\Documents\ADN\gui-restaurant-app\react-redux\src\app\core\api\ranking.repository.ts
FN:10,(anonymous_0)
FNF:1
FNH:0
FNDA:0,(anonymous_0)
DA:5,2
DA:10,0
LF:2
LH:1
BRF:0
BRH:0
end_of_record
TN:
SF:C:\Users\maria.bohorquez\Documents\ADN\gui-restaurant-app\react-redux\src\app\core\config\AxiosConfig.ts
FNF:0
FNH:0
DA:1,5
LF:1
LH:1
BRF:0
BRH:0
end_of_record
TN:
SF:C:\Users\maria.bohorquez\Documents\ADN\gui-restaurant-app\react-redux\src\app\core\errors\GlobalErrorBoundary\index.tsx
FN:5,(anonymous_0)
FN:10,(anonymous_1)
FN:14,(anonymous_2)
FN:18,(anonymous_3)
FNF:4
FNH:0
FNDA:0,(anonymous_0)
FNDA:0,(anonymous_1)
FNDA:0,(anonymous_2)
FNDA:0,(anonymous_3)
DA:6,0
DA:7,0
DA:11,0
DA:19,0
DA:21,0
DA:24,0
LF:6
LH:0
BRDA:19,0,0,0
BRDA:19,0,1,0
BRF:2
BRH:0
end_of_record
TN:
SF:C:\Users\maria.bohorquez\Documents\ADN\gui-restaurant-app\react-redux\src\app\core\redux\store.ts
FNF:0
FNH:0
DA:7,1
DA:9,1
LF:2
LH:2
BRDA:7,0,0,1
BRDA:7,0,1,1
BRF:2
BRH:2
end_of_record
TN:
SF:C:\Users\maria.bohorquez\Documents\ADN\gui-restaurant-app\react-redux\src\app\core\redux\actions\cart\ActionTypesCart.ts
FNF:0
FNH:0
DA:4,4
DA:5,4
DA:7,4
DA:8,4
DA:9,4
DA:10,4
DA:12,4
DA:13,4
DA:15,4
DA:16,4
LF:10
LH:10
BRF:0
BRH:0
end_of_record
TN:
SF:C:\Users\maria.bohorquez\Documents\ADN\gui-restaurant-app\react-redux\src\app\core\redux\actions\cart\ActionsCart.ts
FN:22,defaultState
FN:29,setProducts
FN:36,isLoading
FN:43,setError
FN:50,setProductsAsync
FN:51,(anonymous_5)
FN:54,(anonymous_6)
FN:59,(anonymous_7)
FN:73,addCountProduct
FN:80,subtCountProduct
FN:87,deleteCountProduct
FN:94,setCountProduct
FN:101,setClient
FN:108,deleteClient
FN:122,registryClientAsync
FN:123,(anonymous_15)
FN:126,(anonymous_16)
FN:139,(anonymous_17)
FN:161,setClientAsync
FN:162,(anonymous_19)
FN:165,(anonymous_20)
FN:173,(anonymous_21)
FN:196,setModoEdit
FN:203,setModoReg
FNF:24
FNH:2
FNDA:0,defaultState
FNDA:0,setProducts
FNDA:1,isLoading
FNDA:1,setError
FNDA:0,setProductsAsync
FNDA:0,(anonymous_5)
FNDA:0,(anonymous_6)
FNDA:0,(anonymous_7)
FNDA:0,addCountProduct
FNDA:0,subtCountProduct
FNDA:0,deleteCountProduct
FNDA:0,setCountProduct
FNDA:0,setClient
FNDA:0,deleteClient
FNDA:0,registryClientAsync
FNDA:0,(anonymous_15)
FNDA:0,(anonymous_16)
FNDA:0,(anonymous_17)
FNDA:0,setClientAsync
FNDA:0,(anonymous_19)
FNDA:0,(anonymous_20)
FNDA:0,(anonymous_21)
FNDA:0,setModoEdit
FNDA:0,setModoReg
DA:20,3
DA:23,0
DA:30,0
DA:37,1
DA:44,1
DA:51,0
DA:52,0
DA:53,0
DA:55,0
DA:56,0
DA:57,0
DA:60,0
DA:61,0
DA:68,0
DA:74,0
DA:81,0
DA:88,0
DA:95,0
DA:102,0
DA:109,0
DA:123,0
DA:124,0
DA:125,0
DA:127,0
DA:128,0
DA:129,0
DA:137,0
DA:140,0
DA:141,0
DA:148,0
DA:162,0
DA:163,0
DA:164,0
DA:166,0
DA:167,0
DA:168,0
DA:169,0
DA:171,0
DA:174,0
DA:175,0
DA:182,0
DA:197,0
DA:204,0
LF:43
LH:3
BRDA:168,0,0,0
BRDA:168,0,1,0
BRDA:168,1,0,0
BRDA:168,1,1,0
BRF:4
BRH:0
end_of_record
TN:
SF:C:\Users\maria.bohorquez\Documents\ADN\gui-restaurant-app\react-redux\src\app\core\redux\actions\home\ActionTypesHome.ts
FNF:0
FNH:0
DA:3,1
DA:4,1
DA:5,1
LF:3
LH:3
BRF:0
BRH:0
end_of_record
TN:
SF:C:\Users\maria.bohorquez\Documents\ADN\gui-restaurant-app\react-redux\src\app\core\redux\actions\home\ActionsHome.ts
FN:9,defaultState
FN:16,setProducts
FN:23,setFilters
FNF:3
FNH:0
FNDA:0,defaultState
FNDA:0,setProducts
FNDA:0,setFilters
DA:10,0
DA:17,0
DA:24,0
LF:3
LH:0
BRF:0
BRH:0
end_of_record
TN:
SF:C:\Users\maria.bohorquez\Documents\ADN\gui-restaurant-app\react-redux\src\app\core\redux\actions\main\ActionTypesMain.ts
FNF:0
FNH:0
DA:3,6
DA:4,6
DA:5,6
LF:3
LH:3
BRF:0
BRH:0
end_of_record
TN:
SF:C:\Users\maria.bohorquez\Documents\ADN\gui-restaurant-app\react-redux\src\app\core\redux\actions\order\ActionTypesOrder.ts
FNF:0
FNH:0
DA:3,2
DA:4,2
DA:5,2
LF:3
LH:3
BRF:0
BRH:0
end_of_record
TN:
SF:C:\Users\maria.bohorquez\Documents\ADN\gui-restaurant-app\react-redux\src\app\core\redux\actions\order\ActionsOrder.ts
FN:23,defaultState
FN:30,setOrder
FN:37,isLoading
FN:44,setError
FN:51,setOrderAsync
FN:52,(anonymous_5)
FN:62,(anonymous_6)
FN:71,(anonymous_7)
FN:100,searchOrderAsync
FN:101,(anonymous_9)
FN:105,(anonymous_10)
FN:110,(anonymous_11)
FN:139,setConfigOrderAsync
FN:140,(anonymous_13)
FN:144,(anonymous_14)
FN:149,(anonymous_15)
FNF:16
FNH:2
FNDA:1,defaultState
FNDA:1,setOrder
FNDA:0,isLoading
FNDA:0,setError
FNDA:0,setOrderAsync
FNDA:0,(anonymous_5)
FNDA:0,(anonymous_6)
FNDA:0,(anonymous_7)
FNDA:0,searchOrderAsync
FNDA:0,(anonymous_9)
FNDA:0,(anonymous_10)
FNDA:0,(anonymous_11)
FNDA:0,setConfigOrderAsync
FNDA:0,(anonymous_13)
FNDA:0,(anonymous_14)
FNDA:0,(anonymous_15)
DA:21,1
DA:24,1
DA:31,1
DA:38,0
DA:45,0
DA:52,0
DA:53,0
DA:54,0
DA:55,0
DA:56,0
DA:57,0
DA:58,0
DA:59,0
DA:61,0
DA:63,0
DA:64,0
DA:65,0
DA:66,0
DA:67,0
DA:68,0
DA:69,0
DA:72,0
DA:73,0
DA:79,0
DA:101,0
DA:102,0
DA:103,0
DA:104,0
DA:106,0
DA:107,0
DA:108,0
DA:111,0
DA:112,0
DA:118,0
DA:140,0
DA:141,0
DA:142,0
DA:143,0
DA:145,0
DA:146,0
DA:147,0
DA:150,0
DA:151,0
LF:43
LH:3
BRDA:55,0,0,0
BRDA:55,0,1,0
BRF:2
BRH:0
end_of_record
TN:
SF:C:\Users\maria.bohorquez\Documents\ADN\gui-restaurant-app\react-redux\src\app\core\redux\actions\products\ActionTypesProducts.ts
FNF:0
FNH:0
DA:3,2
DA:4,2
LF:2
LH:2
BRF:0
BRH:0
end_of_record
TN:
SF:C:\Users\maria.bohorquez\Documents\ADN\gui-restaurant-app\react-redux\src\app\core\redux\actions\products\ActionsProducts.ts
FN:12,defaultState
FN:19,setProducts
FN:26,isLoading
FN:33,setError
FN:40,setProductsAsync
FN:41,(anonymous_5)
FN:44,(anonymous_6)
FN:49,(anonymous_7)
FNF:8
FNH:2
FNDA:1,defaultState
FNDA:1,setProducts
FNDA:0,isLoading
FNDA:0,setError
FNDA:0,setProductsAsync
FNDA:0,(anonymous_5)
FNDA:0,(anonymous_6)
FNDA:0,(anonymous_7)
DA:10,1
DA:13,1
DA:20,1
DA:27,0
DA:34,0
DA:41,0
DA:42,0
DA:43,0
DA:45,0
DA:46,0
DA:47,0
DA:50,0
DA:51,0
DA:58,0
LF:14
LH:3
BRF:0
BRH:0
end_of_record
TN:
SF:C:\Users\maria.bohorquez\Documents\ADN\gui-restaurant-app\react-redux\src\app\core\redux\actions\ranking\ActionTypesRanking.ts
FNF:0
FNH:0
DA:3,3
DA:4,3
LF:2
LH:2
BRF:0
BRH:0
end_of_record
TN:
SF:C:\Users\maria.bohorquez\Documents\ADN\gui-restaurant-app\react-redux\src\app\core\redux\actions\ranking\ActionsRanking.ts
FN:13,defaultState
FN:20,setProducts
FN:27,isLoading
FN:34,setError
FN:41,setProductsRanAsync
FN:42,(anonymous_5)
FN:45,(anonymous_6)
FN:50,(anonymous_7)
FNF:8
FNH:2
FNDA:1,defaultState
FNDA:1,setProducts
FNDA:0,isLoading
FNDA:0,setError
FNDA:0,setProductsRanAsync
FNDA:0,(anonymous_5)
FNDA:0,(anonymous_6)
FNDA:0,(anonymous_7)
DA:11,2
DA:14,1
DA:21,1
DA:28,0
DA:35,0
DA:42,0
DA:43,0
DA:44,0
DA:46,0
DA:47,0
DA:48,0
DA:51,0
DA:52,0
DA:59,0
LF:14
LH:3
BRF:0
BRH:0
end_of_record
TN:
SF:C:\Users\maria.bohorquez\Documents\ADN\gui-restaurant-app\react-redux\src\app\core\redux\modelo\GeneralState.ts
FNF:0
FNH:0
LF:0
LH:0
BRF:0
BRH:0
end_of_record
TN:
SF:C:\Users\maria.bohorquez\Documents\ADN\gui-restaurant-app\react-redux\src\app\core\redux\modelo\IStateCart.ts
FNF:0
FNH:0
LF:0
LH:0
BRF:0
BRH:0
end_of_record
TN:
SF:C:\Users\maria.bohorquez\Documents\ADN\gui-restaurant-app\react-redux\src\app\core\redux\modelo\IStateHome.ts
FNF:0
FNH:0
LF:0
LH:0
BRF:0
BRH:0
end_of_record
TN:
SF:C:\Users\maria.bohorquez\Documents\ADN\gui-restaurant-app\react-redux\src\app\core\redux\modelo\IStateMain.ts
FNF:0
FNH:0
LF:0
LH:0
BRF:0
BRH:0
end_of_record
TN:
SF:C:\Users\maria.bohorquez\Documents\ADN\gui-restaurant-app\react-redux\src\app\core\redux\modelo\IStateOrder.ts
FNF:0
FNH:0
LF:0
LH:0
BRF:0
BRH:0
end_of_record
TN:
SF:C:\Users\maria.bohorquez\Documents\ADN\gui-restaurant-app\react-redux\src\app\core\redux\modelo\IStateProducts.ts
FNF:0
FNH:0
LF:0
LH:0
BRF:0
BRH:0
end_of_record
TN:
SF:C:\Users\maria.bohorquez\Documents\ADN\gui-restaurant-app\react-redux\src\app\core\redux\modelo\IStateRanking.ts
FNF:0
FNH:0
LF:0
LH:0
BRF:0
BRH:0
end_of_record
TN:
SF:C:\Users\maria.bohorquez\Documents\ADN\gui-restaurant-app\react-redux\src\app\core\redux\reductores\index.ts
FNF:0
FNH:0
LF:0
LH:0
BRF:0
BRH:0
end_of_record
TN:
SF:C:\Users\maria.bohorquez\Documents\ADN\gui-restaurant-app\react-redux\src\app\core\redux\reductores\cart\cartReducer.ts
FN:30,(anonymous_0)
FNF:1
FNH:1
FNDA:3,(anonymous_0)
DA:16,1
DA:34,3
DA:36,0
DA:37,0
DA:43,0
DA:49,0
DA:55,0
DA:61,0
DA:62,0
DA:68,0
DA:69,0
DA:75,0
DA:88,0
DA:94,0
DA:100,3
LF:15
LH:3
BRDA:31,0,0,3
BRDA:34,1,0,0
BRDA:34,1,1,0
BRDA:34,1,2,0
BRDA:34,1,3,0
BRDA:34,1,4,0
BRDA:34,1,5,0
BRDA:34,1,6,0
BRDA:34,1,7,0
BRDA:34,1,8,0
BRDA:34,1,9,3
BRF:11
BRH:2
end_of_record
TN:
SF:C:\Users\maria.bohorquez\Documents\ADN\gui-restaurant-app\react-redux\src\app\core\redux\reductores\home\homeReducer.ts
FN:18,(anonymous_0)
FNF:1
FNH:1
FNDA:3,(anonymous_0)
DA:9,1
DA:22,3
DA:24,0
DA:25,0
DA:31,0
DA:32,0
DA:39,3
LF:7
LH:3
BRDA:19,0,0,3
BRDA:22,1,0,0
BRDA:22,1,1,0
BRDA:22,1,2,3
BRF:4
BRH:2
end_of_record
TN:
SF:C:\Users\maria.bohorquez\Documents\ADN\gui-restaurant-app\react-redux\src\app\core\redux\reductores\main\mainReducer.ts
FN:13,(anonymous_0)
FNF:1
FNH:1
FNDA:5,(anonymous_0)
DA:8,2
DA:17,5
DA:19,1
DA:20,1
DA:26,1
DA:27,1
DA:34,3
LF:7
LH:7
BRDA:14,0,0,3
BRDA:17,1,0,1
BRDA:17,1,1,1
BRDA:17,1,2,3
BRF:4
BRH:4
end_of_record
TN:
SF:C:\Users\maria.bohorquez\Documents\ADN\gui-restaurant-app\react-redux\src\app\core\redux\reductores\order\orderReducer.ts
FN:25,(anonymous_0)
FNF:1
FNH:1
FNDA:5,(anonymous_0)
DA:7,2
DA:29,5
DA:31,1
DA:32,1
DA:38,4
LF:5
LH:5
BRDA:26,0,0,3
BRDA:29,1,0,1
BRDA:29,1,1,4
BRF:3
BRH:3
end_of_record
TN:
SF:C:\Users\maria.bohorquez\Documents\ADN\gui-restaurant-app\react-redux\src\app\core\redux\reductores\products\productsReducer.ts
FN:12,(anonymous_0)
FNF:1
FNH:1
FNDA:5,(anonymous_0)
DA:8,2
DA:16,5
DA:18,1
DA:19,1
DA:25,4
LF:5
LH:5
BRDA:13,0,0,3
BRDA:16,1,0,1
BRDA:16,1,1,4
BRF:3
BRH:3
end_of_record
TN:
SF:C:\Users\maria.bohorquez\Documents\ADN\gui-restaurant-app\react-redux\src\app\core\redux\reductores\ranking\rankingReducer.ts
FN:12,(anonymous_0)
FNF:1
FNH:1
FNDA:5,(anonymous_0)
DA:8,2
DA:16,5
DA:18,1
DA:19,1
DA:25,4
LF:5
LH:5
BRDA:13,0,0,3
BRDA:16,1,0,1
BRDA:16,1,1,4
BRF:3
BRH:3
end_of_record
TN:
SF:C:\Users\maria.bohorquez\Documents\ADN\gui-restaurant-app\react-redux\src\app\feature\Cart\CartRouter.tsx
FN:5,(anonymous_0)
FN:7,(anonymous_1)
FNF:2
FNH:0
FNDA:0,(anonymous_0)
FNDA:0,(anonymous_1)
DA:5,1
DA:7,1
DA:8,0
LF:3
LH:2
BRF:0
BRH:0
end_of_record
TN:
SF:C:\Users\maria.bohorquez\Documents\ADN\gui-restaurant-app\react-redux\src\app\feature\Cart\components\CartProduct\index.tsx
FN:13,(anonymous_0)
FN:26,(anonymous_1)
FN:29,(anonymous_2)
FN:62,(anonymous_3)
FN:65,(anonymous_4)
FNF:5
FNH:0
FNDA:0,(anonymous_0)
FNDA:0,(anonymous_1)
FNDA:0,(anonymous_2)
FNDA:0,(anonymous_3)
FNDA:0,(anonymous_4)
DA:13,0
DA:19,0
DA:26,0
DA:28,0
DA:29,0
DA:31,0
DA:40,0
DA:62,0
DA:65,0
DA:76,0
LF:10
LH:0
BRDA:28,0,0,0
BRDA:28,0,1,0
BRDA:31,1,0,0
BRDA:31,1,1,0
BRF:4
BRH:0
end_of_record
TN:
SF:C:\Users\maria.bohorquez\Documents\ADN\gui-restaurant-app\react-redux\src\app\feature\Cart\components\ClientForm\index.tsx
FN:25,(anonymous_0)
FN:40,(anonymous_1)
FNF:2
FNH:0
FNDA:0,(anonymous_0)
FNDA:0,(anonymous_1)
DA:13,0
DA:25,0
DA:31,0
DA:41,0
DA:118,0
LF:5
LH:0
BRDA:53,0,0,0
BRDA:53,0,1,0
BRDA:53,1,0,0
BRDA:53,1,1,0
BRDA:70,2,0,0
BRDA:70,2,1,0
BRDA:70,3,0,0
BRDA:70,3,1,0
BRDA:86,4,0,0
BRDA:86,4,1,0
BRDA:86,5,0,0
BRDA:86,5,1,0
BRDA:100,6,0,0
BRDA:100,6,1,0
BRDA:100,7,0,0
BRDA:100,7,1,0
BRF:16
BRH:0
end_of_record
TN:
SF:C:\Users\maria.bohorquez\Documents\ADN\gui-restaurant-app\react-redux\src\app\feature\Cart\components\ListProducts\index.tsx
FN:13,(anonymous_0)
FN:44,(anonymous_1)
FNF:2
FNH:0
FNDA:0,(anonymous_0)
FNDA:0,(anonymous_1)
DA:13,0
DA:19,0
DA:45,0
DA:60,0
LF:4
LH:0
BRF:0
BRH:0
end_of_record
TN:
SF:C:\Users\maria.bohorquez\Documents\ADN\gui-restaurant-app\react-redux\src\app\feature\Cart\containers\Order\index.tsx
FN:39,(anonymous_0)
FN:61,(anonymous_1)
FN:69,(anonymous_2)
FN:70,(anonymous_3)
FN:84,(anonymous_4)
FN:88,(anonymous_5)
FN:102,(anonymous_6)
FN:106,(anonymous_7)
FN:116,(anonymous_8)
FN:132,(anonymous_9)
FN:136,(anonymous_10)
FN:148,(anonymous_11)
FN:151,(anonymous_12)
FN:168,(anonymous_13)
FNF:14
FNH:0
FNDA:0,(anonymous_0)
FNDA:0,(anonymous_1)
FNDA:0,(anonymous_2)
FNDA:0,(anonymous_3)
FNDA:0,(anonymous_4)
FNDA:0,(anonymous_5)
FNDA:0,(anonymous_6)
FNDA:0,(anonymous_7)
FNDA:0,(anonymous_8)
FNDA:0,(anonymous_9)
FNDA:0,(anonymous_10)
FNDA:0,(anonymous_11)
FNDA:0,(anonymous_12)
FNDA:0,(anonymous_13)
DA:32,0
DA:39,0
DA:57,0
DA:59,0
DA:61,0
DA:62,0
DA:63,0
DA:64,0
DA:67,0
DA:68,0
DA:69,0
DA:70,0
DA:71,0
DA:78,0
DA:79,0
DA:80,0
DA:84,0
DA:85,0
DA:88,0
DA:89,0
DA:97,0
DA:98,0
DA:102,0
DA:103,0
DA:106,0
DA:107,0
DA:108,0
DA:109,0
DA:111,0
DA:116,0
DA:117,0
DA:122,0
DA:123,0
DA:125,0
DA:127,0
DA:128,0
DA:132,0
DA:133,0
DA:136,0
DA:137,0
DA:138,0
DA:139,0
DA:141,0
DA:146,0
DA:147,0
DA:148,0
DA:150,0
DA:151,0
DA:152,0
DA:157,0
DA:158,0
DA:160,0
DA:163,0
DA:164,0
DA:168,0
DA:169,0
DA:170,0
DA:171,0
DA:172,0
DA:175,0
DA:237,0
LF:61
LH:0
BRDA:62,0,0,0
BRDA:62,0,1,0
BRDA:67,1,0,0
BRDA:67,1,1,0
BRDA:97,2,0,0
BRDA:97,2,1,0
BRDA:103,3,0,0
BRDA:103,3,1,0
BRDA:106,4,0,0
BRDA:106,4,1,0
BRDA:108,5,0,0
BRDA:108,5,1,0
BRDA:108,6,0,0
BRDA:108,6,1,0
BRDA:109,7,0,0
BRDA:109,7,1,0
BRDA:116,8,0,0
BRDA:116,8,1,0
BRDA:122,9,0,0
BRDA:122,9,1,0
BRDA:122,10,0,0
BRDA:122,10,1,0
BRDA:127,11,0,0
BRDA:127,11,1,0
BRDA:128,12,0,0
BRDA:128,12,1,0
BRDA:133,13,0,0
BRDA:133,13,1,0
BRDA:136,14,0,0
BRDA:136,14,1,0
BRDA:138,15,0,0
BRDA:138,15,1,0
BRDA:138,16,0,0
BRDA:138,16,1,0
BRDA:139,17,0,0
BRDA:139,17,1,0
BRDA:146,18,0,0
BRDA:146,18,1,0
BRDA:146,19,0,0
BRDA:146,19,1,0
BRDA:148,20,0,0
BRDA:148,20,1,0
BRDA:151,21,0,0
BRDA:151,21,1,0
BRDA:157,22,0,0
BRDA:157,22,1,0
BRDA:157,23,0,0
BRDA:157,23,1,0
BRDA:163,24,0,0
BRDA:163,24,1,0
BRDA:164,25,0,0
BRDA:164,25,1,0
BRDA:181,26,0,0
BRDA:181,26,1,0
BRDA:192,27,0,0
BRDA:192,27,1,0
BRF:56
BRH:0
end_of_record
TN:
SF:C:\Users\maria.bohorquez\Documents\ADN\gui-restaurant-app\react-redux\src\app\feature\Cart\hoc\ManageCart.tsx
FN:19,(anonymous_0)
FNF:1
FNH:0
FNDA:0,(anonymous_0)
DA:19,0
DA:20,0
DA:31,0
LF:3
LH:0
BRF:0
BRH:0
end_of_record
TN:
SF:C:\Users\maria.bohorquez\Documents\ADN\gui-restaurant-app\react-redux\src\app\feature\Cart\models\Cart.ts
FNF:0
FNH:0
LF:0
LH:0
BRF:0
BRH:0
end_of_record
TN:
SF:C:\Users\maria.bohorquez\Documents\ADN\gui-restaurant-app\react-redux\src\app\feature\Cart\pages\Cart.tsx
FN:6,(anonymous_0)
FNF:1
FNH:0
FNDA:0,(anonymous_0)
DA:6,0
DA:7,0
DA:12,0
LF:3
LH:0
BRF:0
BRH:0
end_of_record
TN:
SF:C:\Users\maria.bohorquez\Documents\ADN\gui-restaurant-app\react-redux\src\app\feature\Home\HomeRouter.tsx
FN:5,(anonymous_0)
FN:7,(anonymous_1)
FNF:2
FNH:0
FNDA:0,(anonymous_0)
FNDA:0,(anonymous_1)
DA:5,1
DA:7,1
DA:8,0
LF:3
LH:2
BRF:0
BRH:0
end_of_record
TN:
SF:C:\Users\maria.bohorquez\Documents\ADN\gui-restaurant-app\react-redux\src\app\feature\Home\components\FindProducts\index.tsx
FN:22,(anonymous_0)
FN:31,(anonymous_1)
FNF:2
FNH:0
FNDA:0,(anonymous_0)
FNDA:0,(anonymous_1)
DA:10,0
DA:16,0
DA:22,0
DA:23,0
DA:32,0
DA:91,0
LF:6
LH:0
BRDA:44,0,0,0
BRDA:44,0,1,0
BRDA:44,1,0,0
BRDA:44,1,1,0
BRDA:58,2,0,0
BRDA:58,2,1,0
BRDA:58,3,0,0
BRDA:58,3,1,0
BRDA:73,4,0,0
BRDA:73,4,1,0
BRDA:73,5,0,0
BRDA:73,5,1,0
BRF:12
BRH:0
end_of_record
TN:
SF:C:\Users\maria.bohorquez\Documents\ADN\gui-restaurant-app\react-redux\src\app\feature\Home\components\Ranking\index.tsx
FN:10,(anonymous_0)
FN:27,(anonymous_1)
FNF:2
FNH:0
FNDA:0,(anonymous_0)
FNDA:0,(anonymous_1)
DA:10,0
DA:11,0
DA:28,0
DA:45,0
LF:4
LH:0
BRDA:25,0,0,0
BRDA:25,0,1,0
BRDA:25,0,2,0
BRF:3
BRH:0
end_of_record
TN:
SF:C:\Users\maria.bohorquez\Documents\ADN\gui-restaurant-app\react-redux\src\app\feature\Home\components\ShowProducts\index.tsx
FN:12,(anonymous_0)
FN:16,(anonymous_1)
FN:33,(anonymous_2)
FNF:3
FNH:0
FNDA:0,(anonymous_0)
FNDA:0,(anonymous_1)
FNDA:0,(anonymous_2)
DA:12,0
DA:13,0
DA:17,0
DA:30,0
DA:33,0
DA:34,0
DA:41,0
LF:7
LH:0
BRF:0
BRH:0
end_of_record
TN:
SF:C:\Users\maria.bohorquez\Documents\ADN\gui-restaurant-app\react-redux\src\app\feature\Home\containers\Home\index.tsx
FN:21,(anonymous_0)
FN:31,(anonymous_1)
FN:49,(anonymous_2)
FN:59,(anonymous_3)
FN:64,(anonymous_4)
FN:74,(anonymous_5)
FN:80,(anonymous_6)
FNF:7
FNH:0
FNDA:0,(anonymous_0)
FNDA:0,(anonymous_1)
FNDA:0,(anonymous_2)
FNDA:0,(anonymous_3)
FNDA:0,(anonymous_4)
FNDA:0,(anonymous_5)
FNDA:0,(anonymous_6)
DA:21,0
DA:31,0
DA:32,0
DA:37,0
DA:39,0
DA:44,0
DA:49,0
DA:50,0
DA:55,0
DA:59,0
DA:60,0
DA:62,0
DA:63,0
DA:65,0
DA:73,0
DA:74,0
DA:78,0
DA:79,0
DA:80,0
DA:83,0
DA:86,0
DA:110,0
LF:22
LH:0
BRDA:32,0,0,0
BRDA:32,0,1,0
BRDA:33,1,0,0
BRDA:33,1,1,0
BRDA:33,1,2,0
BRDA:39,2,0,0
BRDA:39,2,1,0
BRDA:40,3,0,0
BRDA:40,3,1,0
BRDA:40,3,2,0
BRDA:50,4,0,0
BRDA:50,4,1,0
BRDA:51,5,0,0
BRDA:51,5,1,0
BRDA:51,5,2,0
BRDA:62,6,0,0
BRDA:62,6,1,0
BRDA:65,7,0,0
BRDA:65,7,1,0
BRDA:73,8,0,0
BRDA:73,8,1,0
BRDA:78,9,0,0
BRDA:78,9,1,0
BRDA:80,10,0,0
BRDA:80,10,1,0
BRF:25
BRH:0
end_of_record
TN:
SF:C:\Users\maria.bohorquez\Documents\ADN\gui-restaurant-app\react-redux\src\app\feature\Home\hoc\ManageHome.tsx
FN:8,(anonymous_0)
FNF:1
FNH:0
FNDA:0,(anonymous_0)
DA:8,0
DA:9,0
DA:19,0
LF:3
LH:0
BRF:0
BRH:0
end_of_record
TN:
SF:C:\Users\maria.bohorquez\Documents\ADN\gui-restaurant-app\react-redux\src\app\feature\Home\models\Home.ts
FNF:0
FNH:0
LF:0
LH:0
BRF:0
BRH:0
end_of_record
TN:
SF:C:\Users\maria.bohorquez\Documents\ADN\gui-restaurant-app\react-redux\src\app\feature\Home\pages\Main.tsx
FN:6,(anonymous_0)
FNF:1
FNH:0
FNDA:0,(anonymous_0)
DA:6,0
DA:7,0
DA:12,0
LF:3
LH:0
BRF:0
BRH:0
end_of_record
TN:
SF:C:\Users\maria.bohorquez\Documents\ADN\gui-restaurant-app\react-redux\src\app\feature\Menu\MenuRouter.tsx
FN:5,(anonymous_0)
FN:7,(anonymous_1)
FNF:2
FNH:0
FNDA:0,(anonymous_0)
FNDA:0,(anonymous_1)
DA:5,1
DA:7,1
DA:8,0
LF:3
LH:2
BRF:0
BRH:0
end_of_record
TN:
SF:C:\Users\maria.bohorquez\Documents\ADN\gui-restaurant-app\react-redux\src\app\feature\Menu\components\category\index.tsx
FN:11,(anonymous_0)
FN:17,(anonymous_1)
FN:18,(anonymous_2)
FNF:3
FNH:0
FNDA:0,(anonymous_0)
FNDA:0,(anonymous_1)
FNDA:0,(anonymous_2)
DA:11,0
DA:12,0
DA:17,0
DA:19,0
DA:32,0
LF:5
LH:0
BRF:0
BRH:0
end_of_record
TN:
SF:C:\Users\maria.bohorquez\Documents\ADN\gui-restaurant-app\react-redux\src\app\feature\Menu\containers\Menu\index.tsx
FN:15,(anonymous_0)
FN:31,(anonymous_1)
FN:45,(anonymous_2)
FNF:3
FNH:0
FNDA:0,(anonymous_0)
FNDA:0,(anonymous_1)
FNDA:0,(anonymous_2)
DA:15,0
DA:22,0
DA:31,0
DA:32,0
DA:37,0
DA:40,0
DA:46,0
DA:53,0
LF:8
LH:0
BRDA:32,0,0,0
BRDA:32,0,1,0
BRDA:33,1,0,0
BRDA:33,1,1,0
BRDA:33,1,2,0
BRF:5
BRH:0
end_of_record
TN:
SF:C:\Users\maria.bohorquez\Documents\ADN\gui-restaurant-app\react-redux\src\app\feature\Menu\containers\Menu\styles.ts
FNF:0
FNH:0
DA:3,0
LF:1
LH:0
BRF:0
BRH:0
end_of_record
TN:
SF:C:\Users\maria.bohorquez\Documents\ADN\gui-restaurant-app\react-redux\src\app\feature\Menu\hoc\ManageMenu.tsx
FN:6,(anonymous_0)
FNF:1
FNH:0
FNDA:0,(anonymous_0)
DA:6,0
DA:7,0
DA:14,0
LF:3
LH:0
BRF:0
BRH:0
end_of_record
TN:
SF:C:\Users\maria.bohorquez\Documents\ADN\gui-restaurant-app\react-redux\src\app\feature\Menu\pages\Menu.tsx
FN:6,(anonymous_0)
FNF:1
FNH:0
FNDA:0,(anonymous_0)
DA:6,0
DA:7,0
DA:12,0
LF:3
LH:0
BRF:0
BRH:0
end_of_record
TN:
SF:C:\Users\maria.bohorquez\Documents\ADN\gui-restaurant-app\react-redux\src\app\feature\MyOrder\MyOrderRouter.tsx
FN:5,(anonymous_0)
FN:7,(anonymous_1)
FNF:2
FNH:0
FNDA:0,(anonymous_0)
FNDA:0,(anonymous_1)
DA:5,1
DA:7,1
DA:8,0
LF:3
LH:2
BRF:0
BRH:0
end_of_record
TN:
SF:C:\Users\maria.bohorquez\Documents\ADN\gui-restaurant-app\react-redux\src\app\feature\MyOrder\components\FindOrder\index.tsx
FN:22,(anonymous_0)
FN:23,(anonymous_1)
FN:35,(anonymous_2)
FNF:3
FNH:0
FNDA:0,(anonymous_0)
FNDA:0,(anonymous_1)
FNDA:0,(anonymous_2)
DA:12,0
DA:16,0
DA:22,0
DA:23,0
DA:24,0
DA:26,0
DA:36,0
DA:68,0
LF:8
LH:0
BRDA:49,0,0,0
BRDA:49,0,1,0
BRDA:49,1,0,0
BRDA:49,1,1,0
BRF:4
BRH:0
end_of_record
TN:
SF:C:\Users\maria.bohorquez\Documents\ADN\gui-restaurant-app\react-redux\src\app\feature\MyOrder\components\ShowInfoOrder\index.tsx
FN:34,(anonymous_0)
FN:50,(anonymous_1)
FN:53,(anonymous_2)
FN:67,(anonymous_3)
FN:91,(anonymous_4)
FN:93,(anonymous_5)
FN:139,(anonymous_6)
FN:183,(anonymous_7)
FNF:8
FNH:0
FNDA:0,(anonymous_0)
FNDA:0,(anonymous_1)
FNDA:0,(anonymous_2)
FNDA:0,(anonymous_3)
FNDA:0,(anonymous_4)
FNDA:0,(anonymous_5)
FNDA:0,(anonymous_6)
FNDA:0,(anonymous_7)
DA:34,0
DA:44,0
DA:48,0
DA:50,0
DA:51,0
DA:52,0
DA:53,0
DA:54,0
DA:55,0
DA:64,0
DA:67,0
DA:68,0
DA:69,0
DA:70,0
DA:71,0
DA:73,0
DA:75,0
DA:76,0
DA:82,0
DA:84,0
DA:85,0
DA:87,0
DA:88,0
DA:91,0
DA:93,0
DA:94,0
DA:100,0
DA:107,0
DA:110,0
DA:140,0
DA:158,0
DA:183,0
DA:184,0
LF:33
LH:0
BRDA:54,0,0,0
BRDA:54,0,1,0
BRDA:128,1,0,0
BRDA:128,1,1,0
BRDA:140,2,0,0
BRDA:140,2,1,0
BRF:6
BRH:0
end_of_record
TN:
SF:C:\Users\maria.bohorquez\Documents\ADN\gui-restaurant-app\react-redux\src\app\feature\MyOrder\containers\MyOrder\index.tsx
FN:19,(anonymous_0)
FN:28,(anonymous_1)
FNF:2
FNH:0
FNDA:0,(anonymous_0)
FNDA:0,(anonymous_1)
DA:19,0
DA:28,0
DA:29,0
DA:30,0
DA:34,0
DA:53,0
LF:6
LH:0
BRDA:29,0,0,0
BRDA:29,0,1,0
BRDA:29,1,0,0
BRDA:29,1,1,0
BRDA:43,2,0,0
BRDA:43,2,1,0
BRF:6
BRH:0
end_of_record
TN:
SF:C:\Users\maria.bohorquez\Documents\ADN\gui-restaurant-app\react-redux\src\app\feature\MyOrder\hoc\ManageMyOrder.tsx
FN:7,(anonymous_0)
FNF:1
FNH:0
FNDA:0,(anonymous_0)
DA:7,0
DA:8,0
DA:16,0
LF:3
LH:0
BRF:0
BRH:0
end_of_record
TN:
SF:C:\Users\maria.bohorquez\Documents\ADN\gui-restaurant-app\react-redux\src\app\feature\MyOrder\models\MyOrder.ts
FNF:0
FNH:0
LF:0
LH:0
BRF:0
BRH:0
end_of_record
TN:
SF:C:\Users\maria.bohorquez\Documents\ADN\gui-restaurant-app\react-redux\src\app\feature\MyOrder\pages\MyOrderPage.tsx
FN:6,(anonymous_0)
FNF:1
FNH:0
FNDA:0,(anonymous_0)
DA:6,0
DA:7,0
DA:12,0
LF:3
LH:0
BRF:0
BRH:0
end_of_record
TN:
SF:C:\Users\maria.bohorquez\Documents\ADN\gui-restaurant-app\react-redux\src\app\shared\components\Button\index.tsx
FNF:0
FNH:0
DA:3,0
LF:1
LH:0
BRF:0
BRH:0
end_of_record
TN:
SF:C:\Users\maria.bohorquez\Documents\ADN\gui-restaurant-app\react-redux\src\app\shared\components\Input\index.tsx
FNF:0
FNH:0
DA:3,0
LF:1
LH:0
BRF:0
BRH:0
end_of_record
TN:
SF:C:\Users\maria.bohorquez\Documents\ADN\gui-restaurant-app\react-redux\src\app\shared\components\Layout\index.tsx
FN:11,(anonymous_0)
FNF:1
FNH:0
FNDA:0,(anonymous_0)
DA:11,0
DA:16,0
DA:30,0
LF:3
LH:0
BRDA:21,0,0,0
BRDA:21,0,1,0
BRDA:23,1,0,0
BRDA:23,1,1,0
BRF:4
BRH:0
end_of_record
TN:
SF:C:\Users\maria.bohorquez\Documents\ADN\gui-restaurant-app\react-redux\src\app\shared\components\Layout\styles.ts
FNF:0
FNH:0
DA:3,0
LF:1
LH:0
BRF:0
BRH:0
end_of_record
TN:
SF:C:\Users\maria.bohorquez\Documents\ADN\gui-restaurant-app\react-redux\src\app\shared\components\LazyFallback\index.tsx
FN:4,(anonymous_0)
FNF:1
FNH:0
FNDA:0,(anonymous_0)
DA:4,1
DA:5,0
LF:2
LH:1
BRF:0
BRH:0
end_of_record
TN:
SF:C:\Users\maria.bohorquez\Documents\ADN\gui-restaurant-app\react-redux\src\app\shared\components\LazyFallback\styles.ts
FNF:0
FNH:0
DA:3,1
DA:8,1
LF:2
LH:2
BRF:0
BRH:0
end_of_record
TN:
SF:C:\Users\maria.bohorquez\Documents\ADN\gui-restaurant-app\react-redux\src\app\shared\components\Link\index.tsx
FNF:0
FNH:0
DA:4,2
LF:1
LH:1
BRF:0
BRH:0
end_of_record
TN:
SF:C:\Users\maria.bohorquez\Documents\ADN\gui-restaurant-app\react-redux\src\app\shared\components\NavigationHeader\index.tsx
FN:7,(anonymous_0)
FNF:1
FNH:0
FNDA:0,(anonymous_0)
DA:7,2
DA:8,0
DA:14,0
LF:3
LH:1
BRF:0
BRH:0
end_of_record
TN:
SF:C:\Users\maria.bohorquez\Documents\ADN\gui-restaurant-app\react-redux\src\app\shared\components\NavigationHeader\styles.ts
FNF:0
FNH:0
DA:3,2
LF:1
LH:1
BRF:0
BRH:0
end_of_record
TN:
SF:C:\Users\maria.bohorquez\Documents\ADN\gui-restaurant-app\react-redux\src\app\shared\components\NavigationHeader\NavBrand\index.tsx
FN:11,(anonymous_0)
FNF:1
FNH:0
FNDA:0,(anonymous_0)
DA:11,2
DA:12,0
DA:23,2
LF:3
LH:2
BRDA:14,0,0,0
BRDA:14,0,1,0
BRF:2
BRH:0
end_of_record
TN:
SF:C:\Users\maria.bohorquez\Documents\ADN\gui-restaurant-app\react-redux\src\app\shared\components\NavigationHeader\NavBrand\styles.ts
FNF:0
FNH:0
DA:4,2
DA:8,2
DA:13,2
DA:18,2
LF:4
LH:4
BRF:0
BRH:0
end_of_record
TN:
SF:C:\Users\maria.bohorquez\Documents\ADN\gui-restaurant-app\react-redux\src\app\shared\components\NavigationHeader\NavItem\index.tsx
FN:14,(anonymous_0)
FN:38,(anonymous_1)
FNF:2
FNH:0
FNDA:0,(anonymous_0)
FNDA:0,(anonymous_1)
DA:14,2
DA:16,0
DA:32,2
DA:38,2
DA:39,0
DA:46,2
LF:6
LH:4
BRDA:19,0,0,0
BRDA:19,0,1,0
BRF:2
BRH:0
end_of_record
TN:
SF:C:\Users\maria.bohorquez\Documents\ADN\gui-restaurant-app\react-redux\src\app\shared\components\NavigationHeader\NavItem\styles.ts
FNF:0
FNH:0
DA:3,2
LF:1
LH:1
BRF:0
BRH:0
end_of_record
TN:
SF:C:\Users\maria.bohorquez\Documents\ADN\gui-restaurant-app\react-redux\src\app\shared\components\NavigationHeader\NavList\index.tsx
FN:10,(anonymous_0)
FN:13,(anonymous_1)
FNF:2
FNH:0
FNDA:0,(anonymous_0)
FNDA:0,(anonymous_1)
DA:10,2
DA:11,0
DA:14,0
DA:22,2
LF:4
LH:2
BRF:0
BRH:0
end_of_record
TN:
SF:C:\Users\maria.bohorquez\Documents\ADN\gui-restaurant-app\react-redux\src\app\shared\components\NavigationHeader\NavList\styles.ts
FNF:0
FNH:0
DA:3,2
LF:1
LH:1
BRF:0
BRH:0
end_of_record
TN:
SF:C:\Users\maria.bohorquez\Documents\ADN\gui-restaurant-app\react-redux\src\app\shared\components\ToastError\index.tsx
FN:7,(anonymous_0)
FNF:1
FNH:1
FNDA:2,(anonymous_0)
DA:7,1
DA:8,2
LF:2
LH:2
BRF:0
BRH:0
end_of_record
TN:
SF:C:\Users\maria.bohorquez\Documents\ADN\gui-restaurant-app\react-redux\src\app\shared\components\cardProduct\cardProduct.tsx
FN:23,(anonymous_0)
FN:33,(anonymous_1)
FN:37,(anonymous_2)
FN:47,(anonymous_3)
FN:102,(anonymous_4)
FNF:5
FNH:1
FNDA:3,(anonymous_0)
FNDA:0,(anonymous_1)
FNDA:0,(anonymous_2)
FNDA:0,(anonymous_3)
FNDA:0,(anonymous_4)
DA:23,1
DA:33,3
DA:34,0
DA:37,0
DA:38,0
DA:39,0
DA:40,0
DA:42,0
DA:47,0
DA:48,0
DA:53,0
DA:54,0
DA:56,0
DA:58,0
DA:59,0
DA:63,3
DA:91,1
DA:102,1
DA:103,0
DA:111,1
LF:20
LH:6
BRDA:34,0,0,0
BRDA:34,0,1,0
BRDA:37,1,0,0
BRDA:37,1,1,0
BRDA:39,2,0,0
BRDA:39,2,1,0
BRDA:39,3,0,0
BRDA:39,3,1,0
BRDA:40,4,0,0
BRDA:40,4,1,0
BRDA:47,5,0,0
BRDA:47,5,1,0
BRDA:53,6,0,0
BRDA:53,6,1,0
BRDA:53,7,0,0
BRDA:53,7,1,0
BRDA:58,8,0,0
BRDA:58,8,1,0
BRDA:59,9,0,0
BRDA:59,9,1,0
BRDA:72,10,0,2
BRDA:72,10,1,1
BRF:22
BRH:2
end_of_record
TN:
SF:C:\Users\maria.bohorquez\Documents\ADN\gui-restaurant-app\react-redux\src\app\shared\hooks\useInputValue.ts
FN:3,(anonymous_0)
FN:5,(anonymous_1)
FNF:2
FNH:0
FNDA:0,(anonymous_0)
FNDA:0,(anonymous_1)
DA:3,0
DA:4,0
DA:5,0
DA:6,0
DA:7,0
LF:5
LH:0
BRF:0
BRH:0
end_of_record
TN:
SF:C:\Users\maria.bohorquez\Documents\ADN\gui-restaurant-app\react-redux\src\app\shared\utils\test.ts
FN:1,(anonymous_0)
FN:2,(anonymous_1)
FNF:2
FNH:0
FNDA:0,(anonymous_0)
FNDA:0,(anonymous_1)
DA:1,0
LF:1
LH:0
BRF:0
BRH:0
end_of_record
TN:
SF:C:\Users\maria.bohorquez\Documents\ADN\gui-restaurant-app\react-redux\src\app\shared\utils\utils.ts
FN:1,(anonymous_0)
FNF:1
FNH:1
FNDA:4,(anonymous_0)
DA:1,2
DA:2,4
LF:2
LH:2
BRF:0
BRH:0
end_of_record
